#
# There is insufficient memory for the Java Runtime Environment to continue.
# Native memory allocation (malloc) failed to allocate 615856 bytes for Chunk::new
# Possible reasons:
#   The system is out of physical RAM or swap space
#   The process is running with CompressedOops enabled, and the Java Heap may be blocking the growth of the native heap
# Possible solutions:
#   Reduce memory load on the system
#   Increase physical memory or swap space
#   Check if swap backing store is full
#   Decrease Java heap size (-Xmx/-Xms)
#   Decrease number of Java threads
#   Decrease Java thread stack sizes (-Xss)
#   Set larger code cache with -XX:ReservedCodeCacheSize=
#   JVM is running with Unscaled Compressed Oops mode in which the Java heap is
#     placed in the first 4GB address space. The Java Heap base address is the
#     maximum limit for the native heap growth. Please use -XX:HeapBaseMinAddress
#     to set the Java Heap base and to place the Java Heap above 4GB virtual address.
# This output file may be truncated or incomplete.
#
#  Out of Memory Error (arena.cpp:189), pid=4656, tid=8476
#
# JRE version: OpenJDK Runtime Environment (17.0.6) (build 17.0.6+0-b2043.56-9586694)
# Java VM: OpenJDK 64-Bit Server VM (17.0.6+0-b2043.56-9586694, mixed mode, tiered, compressed oops, compressed class ptrs, g1 gc, windows-amd64)
# No core dump will be written. Minidumps are not enabled by default on client versions of Windows
#

---------------  S U M M A R Y ------------

Command Line: --add-opens=java.base/java.util=ALL-UNNAMED --add-opens=java.base/java.lang=ALL-UNNAMED --add-opens=java.base/java.lang.invoke=ALL-UNNAMED --add-opens=java.base/java.util=ALL-UNNAMED --add-opens=java.prefs/java.util.prefs=ALL-UNNAMED --add-opens=java.prefs/java.util.prefs=ALL-UNNAMED --add-opens=java.base/java.nio.charset=ALL-UNNAMED --add-opens=java.base/java.net=ALL-UNNAMED --add-opens=java.base/java.util.concurrent.atomic=ALL-UNNAMED -Xmx1536M -Dfile.encoding=windows-1252 -Duser.country=US -Duser.language=en -Duser.variant org.gradle.launcher.daemon.bootstrap.GradleDaemon 7.5

Host: Intel(R) Core(TM) i5-5300U CPU @ 2.30GHz, 4 cores, 3G,  Windows 10 , 64 bit Build 19041 (10.0.19041.1202)
Time: Fri May 26 22:33:07 2023 Pakistan Standard Time elapsed time: 70.659444 seconds (0d 0h 1m 10s)

---------------  T H R E A D  ---------------

Current thread (0x000002472514b730):  JavaThread "C2 CompilerThread0" daemon [_thread_in_native, id=8476, stack(0x0000007ac9000000,0x0000007ac9100000)]


Current CompileTask:
C2:  70659 13536   !   4       java.net.URLClassLoader::defineClass (224 bytes)

Stack: [0x0000007ac9000000,0x0000007ac9100000]
Native frames: (J=compiled Java code, j=interpreted, Vv=VM code, C=native code)
V  [jvm.dll+0x683b4a]
V  [jvm.dll+0x842654]
V  [jvm.dll+0x843dfe]
V  [jvm.dll+0x844463]
V  [jvm.dll+0x249b75]
V  [jvm.dll+0xabcac]
V  [jvm.dll+0xac27c]
V  [jvm.dll+0x368802]
V  [jvm.dll+0x332f31]
V  [jvm.dll+0x3323da]
V  [jvm.dll+0x21c201]
V  [jvm.dll+0x21b621]
V  [jvm.dll+0x1a4fdd]
V  [jvm.dll+0x22b098]
V  [jvm.dll+0x229159]
V  [jvm.dll+0x7f809c]
V  [jvm.dll+0x7f25fa]
V  [jvm.dll+0x682985]
C  [ucrtbase.dll+0x21bb2]
C  [KERNEL32.DLL+0x17034]
C  [ntdll.dll+0x52651]


---------------  P R O C E S S  ---------------

Threads class SMR info:
_java_thread_list=0x000002472deb4ee0, length=91, elements={
0x000002470ce6b310, 0x00000247250ff630, 0x00000247251008b0, 0x0000024725132890,
0x0000024725134360, 0x0000024725136c30, 0x0000024725139500, 0x000002472514b730,
0x0000024725c407a0, 0x0000024725c46b60, 0x0000024725d43020, 0x0000024725d5f830,
0x00000247289412d0, 0x0000024726fa11d0, 0x00000247285ea020, 0x00000247288c9610,
0x000002472710a230, 0x0000024728e6e560, 0x0000024728e6e090, 0x0000024728e6aba0,
0x0000024728e6ba10, 0x0000024728e6b070, 0x0000024728e6d220, 0x0000024728e6b540,
0x0000024728e6cd50, 0x0000024728e6dbc0, 0x0000024728e6bee0, 0x0000024728e6c880,
0x0000024728e6d6f0, 0x000002472846fa20, 0x000002472846b6c0, 0x000002472846c060,
0x000002472846c530, 0x000002472846ced0, 0x0000024728469510, 0x000002472846d3a0,
0x000002472846f550, 0x0000024728470890, 0x0000024728469eb0, 0x000002472846a380,
0x000002472846dd40, 0x000002472846a850, 0x0000024728469040, 0x000002472846ad20,
0x000002472846f080, 0x000002472846ebb0, 0x000002472846ca00, 0x000002472bf51600,
0x000002472bf50790, 0x000002472bf52940, 0x000002472bf4ef80, 0x000002472bf4eab0,
0x000002472bf51130, 0x000002472bf4f450, 0x000002472bf54fc0, 0x000002472bf54af0,
0x000002472bf55960, 0x000002472bf54150, 0x000002472bf502c0, 0x000002472bf53c80,
0x000002472bf52e10, 0x000002472bf4e110, 0x000002472bf532e0, 0x000002472bf54620,
0x000002472bf55490, 0x000002472bf51ad0, 0x000002472bf4e5e0, 0x000002472bf4f920,
0x000002472bf537b0, 0x000002472bf50c60, 0x000002472bf51fa0, 0x000002472bf52470,
0x000002472bf4fdf0, 0x000002472a211a90, 0x000002472a20a240, 0x000002472a20c8c0,
0x000002472a20ea70, 0x000002472a20e0d0, 0x000002472a20e5a0, 0x000002472a2110f0,
0x000002472a20abe0, 0x0000024729cd6ef0, 0x0000024729cd8230, 0x0000024729cd6550,
0x0000024729cd3530, 0x0000024729cd73c0, 0x0000024729cd4870, 0x0000024729cd7890,
0x0000024729cda3e0, 0x0000024729cd3060, 0x0000024729cd7d60
}

Java Threads: ( => current thread )
  0x000002470ce6b310 JavaThread "main" [_thread_blocked, id=9428, stack(0x0000007ac8300000,0x0000007ac8400000)]
  0x00000247250ff630 JavaThread "Reference Handler" daemon [_thread_blocked, id=4260, stack(0x0000007ac8a00000,0x0000007ac8b00000)]
  0x00000247251008b0 JavaThread "Finalizer" daemon [_thread_blocked, id=11248, stack(0x0000007ac8b00000,0x0000007ac8c00000)]
  0x0000024725132890 JavaThread "Signal Dispatcher" daemon [_thread_blocked, id=10184, stack(0x0000007ac8c00000,0x0000007ac8d00000)]
  0x0000024725134360 JavaThread "Attach Listener" daemon [_thread_blocked, id=4696, stack(0x0000007ac8d00000,0x0000007ac8e00000)]
  0x0000024725136c30 JavaThread "Service Thread" daemon [_thread_blocked, id=7108, stack(0x0000007ac8e00000,0x0000007ac8f00000)]
  0x0000024725139500 JavaThread "Monitor Deflation Thread" daemon [_thread_blocked, id=7496, stack(0x0000007ac8f00000,0x0000007ac9000000)]
=>0x000002472514b730 JavaThread "C2 CompilerThread0" daemon [_thread_in_native, id=8476, stack(0x0000007ac9000000,0x0000007ac9100000)]
  0x0000024725c407a0 JavaThread "C1 CompilerThread0" daemon [_thread_blocked, id=9900, stack(0x0000007ac9100000,0x0000007ac9200000)]
  0x0000024725c46b60 JavaThread "Sweeper thread" daemon [_thread_blocked, id=2404, stack(0x0000007ac9200000,0x0000007ac9300000)]
  0x0000024725d43020 JavaThread "Common-Cleaner" daemon [_thread_blocked, id=5620, stack(0x0000007ac9300000,0x0000007ac9400000)]
  0x0000024725d5f830 JavaThread "Notification Thread" daemon [_thread_blocked, id=9876, stack(0x0000007ac9400000,0x0000007ac9500000)]
  0x00000247289412d0 JavaThread "Daemon health stats" [_thread_blocked, id=5044, stack(0x0000007ac9a00000,0x0000007ac9b00000)]
  0x0000024726fa11d0 JavaThread "Incoming local TCP Connector on port 58239" [_thread_in_native, id=2120, stack(0x0000007ac9b00000,0x0000007ac9c00000)]
  0x00000247285ea020 JavaThread "Daemon periodic checks" [_thread_blocked, id=3832, stack(0x0000007ac9c00000,0x0000007ac9d00000)]
  0x00000247288c9610 JavaThread "Daemon" [_thread_blocked, id=5816, stack(0x0000007ac9d00000,0x0000007ac9e00000)]
  0x000002472710a230 JavaThread "Handler for socket connection from /127.0.0.1:58239 to /127.0.0.1:58240" [_thread_in_native, id=2088, stack(0x0000007ac9e00000,0x0000007ac9f00000)]
  0x0000024728e6e560 JavaThread "Cancel handler" [_thread_blocked, id=6536, stack(0x0000007ac9600000,0x0000007ac9700000)]
  0x0000024728e6e090 JavaThread "Daemon worker" [_thread_blocked, id=10460, stack(0x0000007ac9f00000,0x0000007aca000000)]
  0x0000024728e6aba0 JavaThread "Asynchronous log dispatcher for DefaultDaemonConnection: socket connection from /127.0.0.1:58239 to /127.0.0.1:58240" [_thread_blocked, id=5508, stack(0x0000007aca000000,0x0000007aca100000)]
  0x0000024728e6ba10 JavaThread "Stdin handler" [_thread_blocked, id=10280, stack(0x0000007aca100000,0x0000007aca200000)]
  0x0000024728e6b070 JavaThread "Daemon client event forwarder" [_thread_blocked, id=8520, stack(0x0000007aca300000,0x0000007aca400000)]
  0x0000024728e6d220 JavaThread "Cache worker for journal cache (C:\Users\murshad\.gradle\caches\journal-1)" [_thread_blocked, id=7104, stack(0x0000007aca400000,0x0000007aca500000)]
  0x0000024728e6b540 JavaThread "File lock request listener" [_thread_in_native, id=9492, stack(0x0000007aca500000,0x0000007aca600000)]
  0x0000024728e6cd50 JavaThread "Cache worker for file hash cache (C:\Users\murshad\.gradle\caches\7.5\fileHashes)" [_thread_blocked, id=8760, stack(0x0000007aca200000,0x0000007aca300000)]
  0x0000024728e6dbc0 JavaThread "File watcher server" daemon [_thread_in_native, id=10976, stack(0x0000007aca700000,0x0000007aca800000)]
  0x0000024728e6bee0 JavaThread "File watcher consumer" daemon [_thread_blocked, id=9188, stack(0x0000007aca800000,0x0000007aca900000)]
  0x0000024728e6c880 JavaThread "Cache worker for checksums cache (D:\flutterprojects\tracking\android\.gradle\7.5\checksums)" [_thread_blocked, id=11144, stack(0x0000007aca900000,0x0000007acaa00000)]
  0x0000024728e6d6f0 JavaThread "Cache worker for cache directory md-rule (C:\Users\murshad\.gradle\caches\7.5\md-rule)" [_thread_blocked, id=2596, stack(0x0000007acaa00000,0x0000007acab00000)]
  0x000002472846fa20 JavaThread "Cache worker for file content cache (C:\Users\murshad\.gradle\caches\7.5\fileContent)" [_thread_blocked, id=5092, stack(0x0000007acab00000,0x0000007acac00000)]
  0x000002472846b6c0 JavaThread "Cache worker for file hash cache (D:\flutterprojects\tracking\android\.gradle\7.5\fileHashes)" [_thread_blocked, id=4548, stack(0x0000007acac00000,0x0000007acad00000)]
  0x000002472846c060 JavaThread "Cache worker for cache directory md-supplier (C:\Users\murshad\.gradle\caches\7.5\md-supplier)" [_thread_blocked, id=1872, stack(0x0000007acad00000,0x0000007acae00000)]
  0x000002472846c530 JavaThread "Cache worker for execution history cache (C:\Users\murshad\.gradle\caches\7.5\executionHistory)" [_thread_blocked, id=6996, stack(0x0000007acae00000,0x0000007acaf00000)]
  0x000002472846ced0 JavaThread "jar transforms" [_thread_blocked, id=2236, stack(0x0000007acaf00000,0x0000007acb000000)]
  0x0000024728469510 JavaThread "jar transforms Thread 2" [_thread_blocked, id=7704, stack(0x0000007acb000000,0x0000007acb100000)]
  0x000002472846d3a0 JavaThread "jar transforms Thread 3" [_thread_blocked, id=8932, stack(0x0000007acb100000,0x0000007acb200000)]
  0x000002472846f550 JavaThread "jar transforms Thread 4" [_thread_blocked, id=10340, stack(0x0000007acb200000,0x0000007acb300000)]
  0x0000024728470890 JavaThread "Cache worker for dependencies-accessors (D:\flutterprojects\tracking\android\.gradle\7.5\dependencies-accessors)" [_thread_blocked, id=456, stack(0x0000007acb300000,0x0000007acb400000)]
  0x0000024728469eb0 JavaThread "Cache worker for Build Output Cleanup Cache (D:\flutterprojects\tracking\android\.gradle\buildOutputCleanup)" [_thread_blocked, id=7344, stack(0x0000007acb400000,0x0000007acb500000)]
  0x000002472846a380 JavaThread "Unconstrained build operations" [_thread_blocked, id=1044, stack(0x0000007aca600000,0x0000007aca700000)]
  0x000002472846dd40 JavaThread "Unconstrained build operations Thread 2" [_thread_blocked, id=1104, stack(0x0000007acb500000,0x0000007acb600000)]
  0x000002472846a850 JavaThread "Unconstrained build operations Thread 3" [_thread_blocked, id=5024, stack(0x0000007acb600000,0x0000007acb700000)]
  0x0000024728469040 JavaThread "Unconstrained build operations Thread 4" [_thread_blocked, id=5188, stack(0x0000007acb700000,0x0000007acb800000)]
  0x000002472846ad20 JavaThread "Unconstrained build operations Thread 5" [_thread_blocked, id=6172, stack(0x0000007acb800000,0x0000007acb900000)]
  0x000002472846f080 JavaThread "Unconstrained build operations Thread 6" [_thread_blocked, id=5600, stack(0x0000007acb900000,0x0000007acba00000)]
  0x000002472846ebb0 JavaThread "Unconstrained build operations Thread 7" [_thread_blocked, id=9376, stack(0x0000007acba00000,0x0000007acbb00000)]
  0x000002472846ca00 JavaThread "Unconstrained build operations Thread 8" [_thread_blocked, id=7996, stack(0x0000007acbb00000,0x0000007acbc00000)]
  0x000002472bf51600 JavaThread "Unconstrained build operations Thread 9" [_thread_blocked, id=9232, stack(0x0000007acbc00000,0x0000007acbd00000)]
  0x000002472bf50790 JavaThread "Unconstrained build operations Thread 10" [_thread_blocked, id=2312, stack(0x0000007acbd00000,0x0000007acbe00000)]
  0x000002472bf52940 JavaThread "Unconstrained build operations Thread 11" [_thread_blocked, id=6732, stack(0x0000007acbe00000,0x0000007acbf00000)]
  0x000002472bf4ef80 JavaThread "Unconstrained build operations Thread 12" [_thread_blocked, id=6148, stack(0x0000007acbf00000,0x0000007acc000000)]
  0x000002472bf4eab0 JavaThread "Unconstrained build operations Thread 13" [_thread_blocked, id=1760, stack(0x0000007acc000000,0x0000007acc100000)]
  0x000002472bf51130 JavaThread "Unconstrained build operations Thread 14" [_thread_blocked, id=4092, stack(0x0000007acc100000,0x0000007acc200000)]
  0x000002472bf4f450 JavaThread "Unconstrained build operations Thread 15" [_thread_blocked, id=8512, stack(0x0000007acc200000,0x0000007acc300000)]
  0x000002472bf54fc0 JavaThread "Unconstrained build operations Thread 16" [_thread_blocked, id=7272, stack(0x0000007acc300000,0x0000007acc400000)]
  0x000002472bf54af0 JavaThread "Unconstrained build operations Thread 17" [_thread_blocked, id=11056, stack(0x0000007acc400000,0x0000007acc500000)]
  0x000002472bf55960 JavaThread "Unconstrained build operations Thread 18" [_thread_blocked, id=8504, stack(0x0000007acc500000,0x0000007acc600000)]
  0x000002472bf54150 JavaThread "Unconstrained build operations Thread 19" [_thread_blocked, id=3608, stack(0x0000007acc600000,0x0000007acc700000)]
  0x000002472bf502c0 JavaThread "Unconstrained build operations Thread 20" [_thread_blocked, id=5612, stack(0x0000007acc700000,0x0000007acc800000)]
  0x000002472bf53c80 JavaThread "Unconstrained build operations Thread 21" [_thread_blocked, id=3100, stack(0x0000007acc800000,0x0000007acc900000)]
  0x000002472bf52e10 JavaThread "Unconstrained build operations Thread 22" [_thread_blocked, id=4736, stack(0x0000007acc900000,0x0000007acca00000)]
  0x000002472bf4e110 JavaThread "Unconstrained build operations Thread 23" [_thread_blocked, id=1964, stack(0x0000007acca00000,0x0000007accb00000)]
  0x000002472bf532e0 JavaThread "Unconstrained build operations Thread 24" [_thread_blocked, id=484, stack(0x0000007accb00000,0x0000007accc00000)]
  0x000002472bf54620 JavaThread "Unconstrained build operations Thread 25" [_thread_blocked, id=9944, stack(0x0000007accc00000,0x0000007accd00000)]
  0x000002472bf55490 JavaThread "Unconstrained build operations Thread 26" [_thread_blocked, id=9980, stack(0x0000007accd00000,0x0000007acce00000)]
  0x000002472bf51ad0 JavaThread "Unconstrained build operations Thread 27" [_thread_blocked, id=4256, stack(0x0000007acce00000,0x0000007accf00000)]
  0x000002472bf4e5e0 JavaThread "Unconstrained build operations Thread 28" [_thread_blocked, id=6292, stack(0x0000007accf00000,0x0000007acd000000)]
  0x000002472bf4f920 JavaThread "Unconstrained build operations Thread 29" [_thread_blocked, id=1888, stack(0x0000007acd000000,0x0000007acd100000)]
  0x000002472bf537b0 JavaThread "Unconstrained build operations Thread 30" [_thread_blocked, id=10108, stack(0x0000007acd100000,0x0000007acd200000)]
  0x000002472bf50c60 JavaThread "Unconstrained build operations Thread 31" [_thread_blocked, id=11164, stack(0x0000007acd200000,0x0000007acd300000)]
  0x000002472bf51fa0 JavaThread "Unconstrained build operations Thread 32" [_thread_blocked, id=1108, stack(0x0000007acd300000,0x0000007acd400000)]
  0x000002472bf52470 JavaThread "Unconstrained build operations Thread 33" [_thread_blocked, id=1776, stack(0x0000007acd400000,0x0000007acd500000)]
  0x000002472bf4fdf0 JavaThread "Unconstrained build operations Thread 34" [_thread_blocked, id=3352, stack(0x0000007acd500000,0x0000007acd600000)]
  0x000002472a211a90 JavaThread "Unconstrained build operations Thread 35" [_thread_blocked, id=7312, stack(0x0000007acd600000,0x0000007acd700000)]
  0x000002472a20a240 JavaThread "Unconstrained build operations Thread 36" [_thread_blocked, id=9560, stack(0x0000007acd700000,0x0000007acd800000)]
  0x000002472a20c8c0 JavaThread "Unconstrained build operations Thread 37" [_thread_blocked, id=8680, stack(0x0000007acd800000,0x0000007acd900000)]
  0x000002472a20ea70 JavaThread "Unconstrained build operations Thread 38" [_thread_blocked, id=4812, stack(0x0000007acd900000,0x0000007acda00000)]
  0x000002472a20e0d0 JavaThread "Unconstrained build operations Thread 39" [_thread_blocked, id=5616, stack(0x0000007acda00000,0x0000007acdb00000)]
  0x000002472a20e5a0 JavaThread "Unconstrained build operations Thread 40" [_thread_blocked, id=6332, stack(0x0000007acdb00000,0x0000007acdc00000)]
  0x000002472a2110f0 JavaThread "Memory manager" [_thread_blocked, id=1752, stack(0x0000007acdc00000,0x0000007acdd00000)]
  0x000002472a20abe0 JavaThread "Cache worker for kotlin-dsl (C:\Users\murshad\.gradle\caches\7.5\kotlin-dsl)" [_thread_blocked, id=8736, stack(0x0000007acde00000,0x0000007acdf00000)]
  0x0000024729cd6ef0 JavaThread "pool-3-thread-1" [_thread_blocked, id=10304, stack(0x0000007ace000000,0x0000007ace100000)]
  0x0000024729cd8230 JavaThread "build event listener" [_thread_blocked, id=10464, stack(0x0000007ace100000,0x0000007ace200000)]
  0x0000024729cd6550 JavaThread "included builds" [_thread_blocked, id=8360, stack(0x0000007ace200000,0x0000007ace300000)]
  0x0000024729cd3530 JavaThread "Execution worker" [_thread_blocked, id=9568, stack(0x0000007ace300000,0x0000007ace400000)]
  0x0000024729cd73c0 JavaThread "Execution worker Thread 2" [_thread_blocked, id=6628, stack(0x0000007ace400000,0x0000007ace500000)]
  0x0000024729cd4870 JavaThread "Execution worker Thread 3" [_thread_blocked, id=4112, stack(0x0000007ace500000,0x0000007ace600000)]
  0x0000024729cd7890 JavaThread "Cache worker for execution history cache (D:\flutterprojects\tracking\android\.gradle\7.5\executionHistory)" [_thread_blocked, id=8832, stack(0x0000007ace600000,0x0000007ace700000)]
  0x0000024729cda3e0 JavaThread "Exec process" [_thread_in_native, id=10396, stack(0x0000007ace700000,0x0000007ace800000)]
  0x0000024729cd3060 JavaThread "Exec process Thread 2" [_thread_in_native, id=972, stack(0x0000007ace800000,0x0000007ace900000)]
  0x0000024729cd7d60 JavaThread "Exec process Thread 3" [_thread_in_native, id=3884, stack(0x0000007ace900000,0x0000007acea00000)]

Other Threads:
  0x000002470cf30970 VMThread "VM Thread" [stack: 0x0000007ac8900000,0x0000007ac8a00000] [id=10440]
  0x0000024725d62d20 WatcherThread [stack: 0x0000007ac9500000,0x0000007ac9600000] [id=7620]
  0x000002470ceb6d80 GCTaskThread "GC Thread#0" [stack: 0x0000007ac8400000,0x0000007ac8500000] [id=8264]
  0x00000247266391c0 GCTaskThread "GC Thread#1" [stack: 0x0000007ac9700000,0x0000007ac9800000] [id=10832]
  0x0000024725e54330 GCTaskThread "GC Thread#2" [stack: 0x0000007ac9800000,0x0000007ac9900000] [id=10928]
  0x0000024726fb7340 GCTaskThread "GC Thread#3" [stack: 0x0000007ac9900000,0x0000007ac9a00000] [id=2472]
  0x000002470cec4be0 ConcurrentGCThread "G1 Main Marker" [stack: 0x0000007ac8500000,0x0000007ac8600000] [id=6124]
  0x000002470cec5ca0 ConcurrentGCThread "G1 Conc#0" [stack: 0x0000007ac8600000,0x0000007ac8700000] [id=8996]
  0x000002470cf02e80 ConcurrentGCThread "G1 Refine#0" [stack: 0x0000007ac8700000,0x0000007ac8800000] [id=6320]
  0x000002472879f9a0 ConcurrentGCThread "G1 Refine#1" [stack: 0x0000007acdd00000,0x0000007acde00000] [id=5200]
  0x000002470cf037b0 ConcurrentGCThread "G1 Service" [stack: 0x0000007ac8800000,0x0000007ac8900000] [id=9720]

Threads with active compile tasks:
C2 CompilerThread0    70738 13536   !   4       java.net.URLClassLoader::defineClass (224 bytes)

VM state: not at safepoint (normal execution)

VM Mutex/Monitor currently owned by a thread: None

Heap address: 0x00000000a0000000, size: 1536 MB, Compressed Oops mode: 32-bit

CDS archive(s) not mapped
Compressed class space mapped at: 0x0000000100000000-0x0000000140000000, reserved size: 1073741824
Narrow klass base: 0x0000000000000000, Narrow klass shift: 3, Narrow klass range: 0x140000000

GC Precious Log:
 CPUs: 4 total, 4 available
 Memory: 3792M
 Large Page Support: Disabled
 NUMA Support: Disabled
 Compressed Oops: Enabled (32-bit)
 Heap Region Size: 1M
 Heap Min Capacity: 8M
 Heap Initial Capacity: 60M
 Heap Max Capacity: 1536M
 Pre-touch: Disabled
 Parallel Workers: 4
 Concurrent Workers: 1
 Concurrent Refinement Workers: 4
 Periodic GC: Disabled

Heap:
 garbage-first heap   total 230400K, used 165563K [0x00000000a0000000, 0x0000000100000000)
  region size 1024K, 22 young (22528K), 4 survivors (4096K)
 Metaspace       used 102862K, committed 103872K, reserved 1138688K
  class space    used 13964K, committed 14400K, reserved 1048576K

Heap Regions: E=young(eden), S=young(survivor), O=old, HS=humongous(starts), HC=humongous(continues), CS=collection set, F=free, OA=open archive, CA=closed archive, TAMS=top-at-mark-start (previous, next)
|   0|0x00000000a0000000, 0x00000000a0100000, 0x00000000a0100000|100%|HS|  |TAMS 0x00000000a0100000, 0x00000000a0000000| Complete 
|   1|0x00000000a0100000, 0x00000000a0200000, 0x00000000a0200000|100%|HC|  |TAMS 0x00000000a0200000, 0x00000000a0100000| Complete 
|   2|0x00000000a0200000, 0x00000000a0300000, 0x00000000a0300000|100%|HC|  |TAMS 0x00000000a0300000, 0x00000000a0200000| Complete 
|   3|0x00000000a0300000, 0x00000000a0400000, 0x00000000a0400000|100%| O|  |TAMS 0x00000000a0400000, 0x00000000a0300000| Untracked 
|   4|0x00000000a0400000, 0x00000000a0500000, 0x00000000a0500000|100%| O|  |TAMS 0x00000000a0500000, 0x00000000a0400000| Untracked 
|   5|0x00000000a0500000, 0x00000000a0600000, 0x00000000a0600000|100%| O|  |TAMS 0x00000000a0600000, 0x00000000a0500000| Untracked 
|   6|0x00000000a0600000, 0x00000000a0700000, 0x00000000a0700000|100%| O|  |TAMS 0x00000000a0700000, 0x00000000a0600000| Untracked 
|   7|0x00000000a0700000, 0x00000000a0800000, 0x00000000a0800000|100%| O|  |TAMS 0x00000000a0800000, 0x00000000a0700000| Untracked 
|   8|0x00000000a0800000, 0x00000000a0900000, 0x00000000a0900000|100%| O|  |TAMS 0x00000000a0900000, 0x00000000a0800000| Untracked 
|   9|0x00000000a0900000, 0x00000000a0a00000, 0x00000000a0a00000|100%| O|  |TAMS 0x00000000a0a00000, 0x00000000a0900000| Untracked 
|  10|0x00000000a0a00000, 0x00000000a0b00000, 0x00000000a0b00000|100%| O|  |TAMS 0x00000000a0b00000, 0x00000000a0a00000| Untracked 
|  11|0x00000000a0b00000, 0x00000000a0c00000, 0x00000000a0c00000|100%| O|  |TAMS 0x00000000a0c00000, 0x00000000a0b00000| Untracked 
|  12|0x00000000a0c00000, 0x00000000a0d00000, 0x00000000a0d00000|100%| O|  |TAMS 0x00000000a0d00000, 0x00000000a0c00000| Untracked 
|  13|0x00000000a0d00000, 0x00000000a0e00000, 0x00000000a0e00000|100%| O|  |TAMS 0x00000000a0e00000, 0x00000000a0d00000| Untracked 
|  14|0x00000000a0e00000, 0x00000000a0f00000, 0x00000000a0f00000|100%| O|  |TAMS 0x00000000a0f00000, 0x00000000a0e00000| Untracked 
|  15|0x00000000a0f00000, 0x00000000a1000000, 0x00000000a1000000|100%| O|  |TAMS 0x00000000a1000000, 0x00000000a0f00000| Untracked 
|  16|0x00000000a1000000, 0x00000000a1100000, 0x00000000a1100000|100%| O|  |TAMS 0x00000000a1100000, 0x00000000a1000000| Untracked 
|  17|0x00000000a1100000, 0x00000000a1200000, 0x00000000a1200000|100%| O|  |TAMS 0x00000000a1200000, 0x00000000a1100000| Untracked 
|  18|0x00000000a1200000, 0x00000000a1300000, 0x00000000a1300000|100%| O|  |TAMS 0x00000000a1300000, 0x00000000a1200000| Untracked 
|  19|0x00000000a1300000, 0x00000000a1400000, 0x00000000a1400000|100%| O|  |TAMS 0x00000000a1400000, 0x00000000a1300000| Untracked 
|  20|0x00000000a1400000, 0x00000000a1500000, 0x00000000a1500000|100%| O|  |TAMS 0x00000000a1500000, 0x00000000a1400000| Untracked 
|  21|0x00000000a1500000, 0x00000000a1600000, 0x00000000a1600000|100%|HS|  |TAMS 0x00000000a1500000, 0x00000000a1500000| Complete 
|  22|0x00000000a1600000, 0x00000000a1700000, 0x00000000a1700000|100%| O|  |TAMS 0x00000000a1700000, 0x00000000a1600000| Untracked 
|  23|0x00000000a1700000, 0x00000000a1800000, 0x00000000a1800000|100%| O|  |TAMS 0x00000000a1800000, 0x00000000a1700000| Untracked 
|  24|0x00000000a1800000, 0x00000000a1900000, 0x00000000a1900000|100%| O|  |TAMS 0x00000000a1900000, 0x00000000a1800000| Untracked 
|  25|0x00000000a1900000, 0x00000000a1a00000, 0x00000000a1a00000|100%| O|  |TAMS 0x00000000a1a00000, 0x00000000a1900000| Untracked 
|  26|0x00000000a1a00000, 0x00000000a1b00000, 0x00000000a1b00000|100%| O|  |TAMS 0x00000000a1b00000, 0x00000000a1a00000| Untracked 
|  27|0x00000000a1b00000, 0x00000000a1c00000, 0x00000000a1c00000|100%| O|  |TAMS 0x00000000a1c00000, 0x00000000a1b00000| Untracked 
|  28|0x00000000a1c00000, 0x00000000a1d00000, 0x00000000a1d00000|100%| O|  |TAMS 0x00000000a1d00000, 0x00000000a1c00000| Untracked 
|  29|0x00000000a1d00000, 0x00000000a1e00000, 0x00000000a1e00000|100%| O|  |TAMS 0x00000000a1e00000, 0x00000000a1d00000| Untracked 
|  30|0x00000000a1e00000, 0x00000000a1f00000, 0x00000000a1f00000|100%| O|  |TAMS 0x00000000a1f00000, 0x00000000a1e00000| Untracked 
|  31|0x00000000a1f00000, 0x00000000a2000000, 0x00000000a2000000|100%| O|  |TAMS 0x00000000a2000000, 0x00000000a1f00000| Untracked 
|  32|0x00000000a2000000, 0x00000000a2100000, 0x00000000a2100000|100%| O|  |TAMS 0x00000000a2100000, 0x00000000a2000000| Untracked 
|  33|0x00000000a2100000, 0x00000000a2200000, 0x00000000a2200000|100%| O|  |TAMS 0x00000000a2200000, 0x00000000a2100000| Untracked 
|  34|0x00000000a2200000, 0x00000000a2300000, 0x00000000a2300000|100%| O|  |TAMS 0x00000000a2300000, 0x00000000a2200000| Untracked 
|  35|0x00000000a2300000, 0x00000000a2400000, 0x00000000a2400000|100%|HS|  |TAMS 0x00000000a2400000, 0x00000000a2300000| Complete 
|  36|0x00000000a2400000, 0x00000000a2500000, 0x00000000a2500000|100%|HS|  |TAMS 0x00000000a2500000, 0x00000000a2400000| Complete 
|  37|0x00000000a2500000, 0x00000000a2600000, 0x00000000a2600000|100%|HS|  |TAMS 0x00000000a2600000, 0x00000000a2500000| Complete 
|  38|0x00000000a2600000, 0x00000000a2700000, 0x00000000a2700000|100%| O|  |TAMS 0x00000000a2700000, 0x00000000a2600000| Untracked 
|  39|0x00000000a2700000, 0x00000000a2800000, 0x00000000a2800000|100%|HS|  |TAMS 0x00000000a2800000, 0x00000000a2700000| Complete 
|  40|0x00000000a2800000, 0x00000000a2900000, 0x00000000a2900000|100%|HC|  |TAMS 0x00000000a2900000, 0x00000000a2800000| Complete 
|  41|0x00000000a2900000, 0x00000000a2a00000, 0x00000000a2a00000|100%|HC|  |TAMS 0x00000000a2a00000, 0x00000000a2900000| Complete 
|  42|0x00000000a2a00000, 0x00000000a2b00000, 0x00000000a2b00000|100%| O|  |TAMS 0x00000000a2b00000, 0x00000000a2a00000| Untracked 
|  43|0x00000000a2b00000, 0x00000000a2c00000, 0x00000000a2c00000|100%| O|  |TAMS 0x00000000a2c00000, 0x00000000a2b00000| Untracked 
|  44|0x00000000a2c00000, 0x00000000a2d00000, 0x00000000a2d00000|100%| O|  |TAMS 0x00000000a2d00000, 0x00000000a2c00000| Untracked 
|  45|0x00000000a2d00000, 0x00000000a2e00000, 0x00000000a2e00000|100%| O|  |TAMS 0x00000000a2e00000, 0x00000000a2d00000| Untracked 
|  46|0x00000000a2e00000, 0x00000000a2f00000, 0x00000000a2f00000|100%|HS|  |TAMS 0x00000000a2f00000, 0x00000000a2e00000| Complete 
|  47|0x00000000a2f00000, 0x00000000a3000000, 0x00000000a3000000|100%|HC|  |TAMS 0x00000000a3000000, 0x00000000a2f00000| Complete 
|  48|0x00000000a3000000, 0x00000000a3100000, 0x00000000a3100000|100%| O|  |TAMS 0x00000000a3100000, 0x00000000a3000000| Untracked 
|  49|0x00000000a3100000, 0x00000000a3200000, 0x00000000a3200000|100%| O|  |TAMS 0x00000000a3200000, 0x00000000a3100000| Untracked 
|  50|0x00000000a3200000, 0x00000000a3300000, 0x00000000a3300000|100%| O|  |TAMS 0x00000000a3300000, 0x00000000a3200000| Untracked 
|  51|0x00000000a3300000, 0x00000000a3400000, 0x00000000a3400000|100%| O|  |TAMS 0x00000000a3400000, 0x00000000a3300000| Untracked 
|  52|0x00000000a3400000, 0x00000000a3500000, 0x00000000a3500000|100%|HS|  |TAMS 0x00000000a3500000, 0x00000000a3400000| Complete 
|  53|0x00000000a3500000, 0x00000000a3600000, 0x00000000a3600000|100%| O|  |TAMS 0x00000000a3500000, 0x00000000a3500000| Untracked 
|  54|0x00000000a3600000, 0x00000000a3700000, 0x00000000a3700000|100%| O|  |TAMS 0x00000000a3700000, 0x00000000a3600000| Untracked 
|  55|0x00000000a3700000, 0x00000000a3800000, 0x00000000a3800000|100%| O|  |TAMS 0x00000000a3800000, 0x00000000a3700000| Untracked 
|  56|0x00000000a3800000, 0x00000000a3900000, 0x00000000a3900000|100%| O|  |TAMS 0x00000000a3900000, 0x00000000a3800000| Untracked 
|  57|0x00000000a3900000, 0x00000000a3a00000, 0x00000000a3a00000|100%| O|  |TAMS 0x00000000a3a00000, 0x00000000a3900000| Untracked 
|  58|0x00000000a3a00000, 0x00000000a3b00000, 0x00000000a3b00000|100%| O|  |TAMS 0x00000000a3b00000, 0x00000000a3a00000| Untracked 
|  59|0x00000000a3b00000, 0x00000000a3c00000, 0x00000000a3c00000|100%| O|  |TAMS 0x00000000a3c00000, 0x00000000a3b00000| Untracked 
|  60|0x00000000a3c00000, 0x00000000a3d00000, 0x00000000a3d00000|100%| O|  |TAMS 0x00000000a3d00000, 0x00000000a3c00000| Untracked 
|  61|0x00000000a3d00000, 0x00000000a3e00000, 0x00000000a3e00000|100%|HS|  |TAMS 0x00000000a3e00000, 0x00000000a3d00000| Complete 
|  62|0x00000000a3e00000, 0x00000000a3f00000, 0x00000000a3f00000|100%| O|  |TAMS 0x00000000a3f00000, 0x00000000a3e00000| Untracked 
|  63|0x00000000a3f00000, 0x00000000a4000000, 0x00000000a4000000|100%| O|  |TAMS 0x00000000a4000000, 0x00000000a3f00000| Untracked 
|  64|0x00000000a4000000, 0x00000000a4100000, 0x00000000a4100000|100%| O|  |TAMS 0x00000000a4100000, 0x00000000a4000000| Untracked 
|  65|0x00000000a4100000, 0x00000000a4200000, 0x00000000a4200000|100%| O|  |TAMS 0x00000000a4200000, 0x00000000a4100000| Untracked 
|  66|0x00000000a4200000, 0x00000000a4300000, 0x00000000a4300000|100%| O|  |TAMS 0x00000000a4300000, 0x00000000a4200000| Untracked 
|  67|0x00000000a4300000, 0x00000000a4400000, 0x00000000a4400000|100%| O|  |TAMS 0x00000000a4400000, 0x00000000a4300000| Untracked 
|  68|0x00000000a4400000, 0x00000000a4500000, 0x00000000a4500000|100%| O|  |TAMS 0x00000000a4500000, 0x00000000a4400000| Untracked 
|  69|0x00000000a4500000, 0x00000000a4600000, 0x00000000a4600000|100%| O|  |TAMS 0x00000000a4600000, 0x00000000a4500000| Untracked 
|  70|0x00000000a4600000, 0x00000000a4700000, 0x00000000a4700000|100%| O|  |TAMS 0x00000000a4700000, 0x00000000a4600000| Untracked 
|  71|0x00000000a4700000, 0x00000000a4800000, 0x00000000a4800000|100%| O|  |TAMS 0x00000000a4800000, 0x00000000a4700000| Untracked 
|  72|0x00000000a4800000, 0x00000000a4900000, 0x00000000a4900000|100%| O|  |TAMS 0x00000000a4900000, 0x00000000a4800000| Untracked 
|  73|0x00000000a4900000, 0x00000000a4a00000, 0x00000000a4a00000|100%| O|  |TAMS 0x00000000a4a00000, 0x00000000a4900000| Untracked 
|  74|0x00000000a4a00000, 0x00000000a4b00000, 0x00000000a4b00000|100%| O|  |TAMS 0x00000000a4b00000, 0x00000000a4a00000| Untracked 
|  75|0x00000000a4b00000, 0x00000000a4c00000, 0x00000000a4c00000|100%| O|  |TAMS 0x00000000a4c00000, 0x00000000a4b00000| Untracked 
|  76|0x00000000a4c00000, 0x00000000a4d00000, 0x00000000a4d00000|100%| O|  |TAMS 0x00000000a4d00000, 0x00000000a4c00000| Untracked 
|  77|0x00000000a4d00000, 0x00000000a4e00000, 0x00000000a4e00000|100%| O|  |TAMS 0x00000000a4e00000, 0x00000000a4d00000| Untracked 
|  78|0x00000000a4e00000, 0x00000000a4f00000, 0x00000000a4f00000|100%| O|  |TAMS 0x00000000a4f00000, 0x00000000a4e00000| Untracked 
|  79|0x00000000a4f00000, 0x00000000a5000000, 0x00000000a5000000|100%| O|  |TAMS 0x00000000a5000000, 0x00000000a4f00000| Untracked 
|  80|0x00000000a5000000, 0x00000000a5100000, 0x00000000a5100000|100%| O|  |TAMS 0x00000000a5100000, 0x00000000a5000000| Untracked 
|  81|0x00000000a5100000, 0x00000000a5200000, 0x00000000a5200000|100%| O|  |TAMS 0x00000000a5200000, 0x00000000a5100000| Untracked 
|  82|0x00000000a5200000, 0x00000000a5300000, 0x00000000a5300000|100%| O|  |TAMS 0x00000000a5300000, 0x00000000a5200000| Untracked 
|  83|0x00000000a5300000, 0x00000000a5400000, 0x00000000a5400000|100%|HS|  |TAMS 0x00000000a5400000, 0x00000000a5300000| Complete 
|  84|0x00000000a5400000, 0x00000000a5500000, 0x00000000a5500000|100%|HS|  |TAMS 0x00000000a5500000, 0x00000000a5400000| Complete 
|  85|0x00000000a5500000, 0x00000000a5600000, 0x00000000a5600000|100%| O|  |TAMS 0x00000000a5600000, 0x00000000a5500000| Untracked 
|  86|0x00000000a5600000, 0x00000000a5700000, 0x00000000a5700000|100%| O|  |TAMS 0x00000000a5700000, 0x00000000a5600000| Untracked 
|  87|0x00000000a5700000, 0x00000000a5800000, 0x00000000a5800000|100%| O|  |TAMS 0x00000000a5800000, 0x00000000a5700000| Untracked 
|  88|0x00000000a5800000, 0x00000000a5900000, 0x00000000a5900000|100%| O|  |TAMS 0x00000000a5900000, 0x00000000a5800000| Untracked 
|  89|0x00000000a5900000, 0x00000000a5a00000, 0x00000000a5a00000|100%| O|  |TAMS 0x00000000a5a00000, 0x00000000a5900000| Untracked 
|  90|0x00000000a5a00000, 0x00000000a5b00000, 0x00000000a5b00000|100%| O|  |TAMS 0x00000000a5b00000, 0x00000000a5a00000| Untracked 
|  91|0x00000000a5b00000, 0x00000000a5c00000, 0x00000000a5c00000|100%| O|  |TAMS 0x00000000a5c00000, 0x00000000a5b00000| Untracked 
|  92|0x00000000a5c00000, 0x00000000a5d00000, 0x00000000a5d00000|100%| O|  |TAMS 0x00000000a5d00000, 0x00000000a5c00000| Untracked 
|  93|0x00000000a5d00000, 0x00000000a5e00000, 0x00000000a5e00000|100%| O|  |TAMS 0x00000000a5e00000, 0x00000000a5d00000| Untracked 
|  94|0x00000000a5e00000, 0x00000000a5f00000, 0x00000000a5f00000|100%| O|  |TAMS 0x00000000a5f00000, 0x00000000a5e00000| Untracked 
|  95|0x00000000a5f00000, 0x00000000a6000000, 0x00000000a6000000|100%| O|  |TAMS 0x00000000a6000000, 0x00000000a5f00000| Untracked 
|  96|0x00000000a6000000, 0x00000000a6100000, 0x00000000a6100000|100%| O|  |TAMS 0x00000000a6100000, 0x00000000a6000000| Untracked 
|  97|0x00000000a6100000, 0x00000000a6200000, 0x00000000a6200000|100%| O|  |TAMS 0x00000000a6200000, 0x00000000a6100000| Untracked 
|  98|0x00000000a6200000, 0x00000000a6300000, 0x00000000a6300000|100%|HS|  |TAMS 0x00000000a6300000, 0x00000000a6200000| Complete 
|  99|0x00000000a6300000, 0x00000000a6400000, 0x00000000a6400000|100%|HC|  |TAMS 0x00000000a6400000, 0x00000000a6300000| Complete 
| 100|0x00000000a6400000, 0x00000000a6500000, 0x00000000a6500000|100%| O|  |TAMS 0x00000000a6500000, 0x00000000a6400000| Untracked 
| 101|0x00000000a6500000, 0x00000000a6600000, 0x00000000a6600000|100%| O|  |TAMS 0x00000000a6600000, 0x00000000a6500000| Untracked 
| 102|0x00000000a6600000, 0x00000000a6700000, 0x00000000a6700000|100%| O|  |TAMS 0x00000000a666c600, 0x00000000a6600000| Untracked 
| 103|0x00000000a6700000, 0x00000000a6800000, 0x00000000a6800000|100%| O|  |TAMS 0x00000000a6700000, 0x00000000a6700000| Untracked 
| 104|0x00000000a6800000, 0x00000000a6900000, 0x00000000a6900000|100%| O|  |TAMS 0x00000000a6800000, 0x00000000a6800000| Untracked 
| 105|0x00000000a6900000, 0x00000000a6a00000, 0x00000000a6a00000|100%| O|  |TAMS 0x00000000a6900000, 0x00000000a6900000| Untracked 
| 106|0x00000000a6a00000, 0x00000000a6b00000, 0x00000000a6b00000|100%| O|  |TAMS 0x00000000a6a00000, 0x00000000a6a00000| Untracked 
| 107|0x00000000a6b00000, 0x00000000a6c00000, 0x00000000a6c00000|100%| O|  |TAMS 0x00000000a6b00000, 0x00000000a6b00000| Untracked 
| 108|0x00000000a6c00000, 0x00000000a6d00000, 0x00000000a6d00000|100%| O|  |TAMS 0x00000000a6c00000, 0x00000000a6c00000| Untracked 
| 109|0x00000000a6d00000, 0x00000000a6e00000, 0x00000000a6e00000|100%| O|  |TAMS 0x00000000a6d00000, 0x00000000a6d00000| Untracked 
| 110|0x00000000a6e00000, 0x00000000a6f00000, 0x00000000a6f00000|100%| O|  |TAMS 0x00000000a6e00000, 0x00000000a6e00000| Untracked 
| 111|0x00000000a6f00000, 0x00000000a7000000, 0x00000000a7000000|100%| O|  |TAMS 0x00000000a6f00000, 0x00000000a6f00000| Untracked 
| 112|0x00000000a7000000, 0x00000000a7100000, 0x00000000a7100000|100%| O|  |TAMS 0x00000000a7000000, 0x00000000a7000000| Untracked 
| 113|0x00000000a7100000, 0x00000000a7200000, 0x00000000a7200000|100%| O|  |TAMS 0x00000000a7100000, 0x00000000a7100000| Untracked 
| 114|0x00000000a7200000, 0x00000000a7300000, 0x00000000a7300000|100%| O|  |TAMS 0x00000000a7200000, 0x00000000a7200000| Untracked 
| 115|0x00000000a7300000, 0x00000000a7400000, 0x00000000a7400000|100%| O|  |TAMS 0x00000000a7300000, 0x00000000a7300000| Untracked 
| 116|0x00000000a7400000, 0x00000000a7500000, 0x00000000a7500000|100%| O|  |TAMS 0x00000000a7400000, 0x00000000a7400000| Untracked 
| 117|0x00000000a7500000, 0x00000000a7600000, 0x00000000a7600000|100%| O|  |TAMS 0x00000000a7500000, 0x00000000a7500000| Untracked 
| 118|0x00000000a7600000, 0x00000000a7700000, 0x00000000a7700000|100%| O|  |TAMS 0x00000000a7600000, 0x00000000a7600000| Untracked 
| 119|0x00000000a7700000, 0x00000000a7800000, 0x00000000a7800000|100%| O|  |TAMS 0x00000000a7700000, 0x00000000a7700000| Untracked 
| 120|0x00000000a7800000, 0x00000000a7900000, 0x00000000a7900000|100%| O|  |TAMS 0x00000000a7800000, 0x00000000a7800000| Untracked 
| 121|0x00000000a7900000, 0x00000000a7a00000, 0x00000000a7a00000|100%| O|  |TAMS 0x00000000a7900000, 0x00000000a7900000| Untracked 
| 122|0x00000000a7a00000, 0x00000000a7b00000, 0x00000000a7b00000|100%| O|  |TAMS 0x00000000a7a00000, 0x00000000a7a00000| Untracked 
| 123|0x00000000a7b00000, 0x00000000a7c00000, 0x00000000a7c00000|100%| O|  |TAMS 0x00000000a7b00000, 0x00000000a7b00000| Untracked 
| 124|0x00000000a7c00000, 0x00000000a7d00000, 0x00000000a7d00000|100%| O|  |TAMS 0x00000000a7c00000, 0x00000000a7c00000| Untracked 
| 125|0x00000000a7d00000, 0x00000000a7e00000, 0x00000000a7e00000|100%| O|  |TAMS 0x00000000a7d00000, 0x00000000a7d00000| Untracked 
| 126|0x00000000a7e00000, 0x00000000a7f00000, 0x00000000a7f00000|100%| O|  |TAMS 0x00000000a7e00000, 0x00000000a7e00000| Untracked 
| 127|0x00000000a7f00000, 0x00000000a8000000, 0x00000000a8000000|100%| O|  |TAMS 0x00000000a7f00000, 0x00000000a7f00000| Untracked 
| 128|0x00000000a8000000, 0x00000000a8100000, 0x00000000a8100000|100%| O|  |TAMS 0x00000000a8000000, 0x00000000a8000000| Untracked 
| 129|0x00000000a8100000, 0x00000000a8200000, 0x00000000a8200000|100%| O|  |TAMS 0x00000000a8100000, 0x00000000a8100000| Untracked 
| 130|0x00000000a8200000, 0x00000000a8300000, 0x00000000a8300000|100%| O|  |TAMS 0x00000000a8200000, 0x00000000a8200000| Untracked 
| 131|0x00000000a8300000, 0x00000000a8400000, 0x00000000a8400000|100%| O|  |TAMS 0x00000000a8300000, 0x00000000a8300000| Untracked 
| 132|0x00000000a8400000, 0x00000000a8500000, 0x00000000a8500000|100%| O|  |TAMS 0x00000000a8400000, 0x00000000a8400000| Untracked 
| 133|0x00000000a8500000, 0x00000000a8600000, 0x00000000a8600000|100%| O|  |TAMS 0x00000000a8500000, 0x00000000a8500000| Untracked 
| 134|0x00000000a8600000, 0x00000000a8700000, 0x00000000a8700000|100%| O|  |TAMS 0x00000000a8600000, 0x00000000a8600000| Untracked 
| 135|0x00000000a8700000, 0x00000000a8700000, 0x00000000a8800000|  0%| F|  |TAMS 0x00000000a8700000, 0x00000000a8700000| Untracked 
| 136|0x00000000a8800000, 0x00000000a8900000, 0x00000000a8900000|100%| O|  |TAMS 0x00000000a8800000, 0x00000000a8800000| Untracked 
| 137|0x00000000a8900000, 0x00000000a8a00000, 0x00000000a8a00000|100%| O|  |TAMS 0x00000000a8900000, 0x00000000a8900000| Untracked 
| 138|0x00000000a8a00000, 0x00000000a8b00000, 0x00000000a8b00000|100%| O|  |TAMS 0x00000000a8a00000, 0x00000000a8a00000| Untracked 
| 139|0x00000000a8b00000, 0x00000000a8c00000, 0x00000000a8c00000|100%| O|  |TAMS 0x00000000a8b00000, 0x00000000a8b00000| Untracked 
| 140|0x00000000a8c00000, 0x00000000a8d00000, 0x00000000a8d00000|100%| O|  |TAMS 0x00000000a8c00000, 0x00000000a8c00000| Untracked 
| 141|0x00000000a8d00000, 0x00000000a8e00000, 0x00000000a8e00000|100%| O|  |TAMS 0x00000000a8d00000, 0x00000000a8d00000| Untracked 
| 142|0x00000000a8e00000, 0x00000000a8e5bc08, 0x00000000a8f00000| 35%| O|  |TAMS 0x00000000a8e00000, 0x00000000a8e00000| Untracked 
| 143|0x00000000a8f00000, 0x00000000a8f00000, 0x00000000a9000000|  0%| F|  |TAMS 0x00000000a8f00000, 0x00000000a8f00000| Untracked 
| 144|0x00000000a9000000, 0x00000000a9000000, 0x00000000a9100000|  0%| F|  |TAMS 0x00000000a9000000, 0x00000000a9000000| Untracked 
| 145|0x00000000a9100000, 0x00000000a9100000, 0x00000000a9200000|  0%| F|  |TAMS 0x00000000a9100000, 0x00000000a9100000| Untracked 
| 146|0x00000000a9200000, 0x00000000a9200000, 0x00000000a9300000|  0%| F|  |TAMS 0x00000000a9200000, 0x00000000a9200000| Untracked 
| 147|0x00000000a9300000, 0x00000000a9300000, 0x00000000a9400000|  0%| F|  |TAMS 0x00000000a9300000, 0x00000000a9300000| Untracked 
| 148|0x00000000a9400000, 0x00000000a9400000, 0x00000000a9500000|  0%| F|  |TAMS 0x00000000a9400000, 0x00000000a9400000| Untracked 
| 149|0x00000000a9500000, 0x00000000a9500000, 0x00000000a9600000|  0%| F|  |TAMS 0x00000000a9500000, 0x00000000a9500000| Untracked 
| 150|0x00000000a9600000, 0x00000000a9600000, 0x00000000a9700000|  0%| F|  |TAMS 0x00000000a9600000, 0x00000000a9600000| Untracked 
| 151|0x00000000a9700000, 0x00000000a9700000, 0x00000000a9800000|  0%| F|  |TAMS 0x00000000a9700000, 0x00000000a9700000| Untracked 
| 152|0x00000000a9800000, 0x00000000a9800000, 0x00000000a9900000|  0%| F|  |TAMS 0x00000000a9800000, 0x00000000a9800000| Untracked 
| 153|0x00000000a9900000, 0x00000000a9900000, 0x00000000a9a00000|  0%| F|  |TAMS 0x00000000a9900000, 0x00000000a9900000| Untracked 
| 154|0x00000000a9a00000, 0x00000000a9a00000, 0x00000000a9b00000|  0%| F|  |TAMS 0x00000000a9a00000, 0x00000000a9a00000| Untracked 
| 155|0x00000000a9b00000, 0x00000000a9b00000, 0x00000000a9c00000|  0%| F|  |TAMS 0x00000000a9b00000, 0x00000000a9b00000| Untracked 
| 156|0x00000000a9c00000, 0x00000000a9c00000, 0x00000000a9d00000|  0%| F|  |TAMS 0x00000000a9c00000, 0x00000000a9c00000| Untracked 
| 157|0x00000000a9d00000, 0x00000000a9d00000, 0x00000000a9e00000|  0%| F|  |TAMS 0x00000000a9d00000, 0x00000000a9d00000| Untracked 
| 158|0x00000000a9e00000, 0x00000000a9e00000, 0x00000000a9f00000|  0%| F|  |TAMS 0x00000000a9e00000, 0x00000000a9e00000| Untracked 
| 159|0x00000000a9f00000, 0x00000000a9f00000, 0x00000000aa000000|  0%| F|  |TAMS 0x00000000a9f00000, 0x00000000a9f00000| Untracked 
| 160|0x00000000aa000000, 0x00000000aa000000, 0x00000000aa100000|  0%| F|  |TAMS 0x00000000aa000000, 0x00000000aa000000| Untracked 
| 161|0x00000000aa100000, 0x00000000aa100000, 0x00000000aa200000|  0%| F|  |TAMS 0x00000000aa100000, 0x00000000aa100000| Untracked 
| 162|0x00000000aa200000, 0x00000000aa200000, 0x00000000aa300000|  0%| F|  |TAMS 0x00000000aa200000, 0x00000000aa200000| Untracked 
| 163|0x00000000aa300000, 0x00000000aa300000, 0x00000000aa400000|  0%| F|  |TAMS 0x00000000aa300000, 0x00000000aa300000| Untracked 
| 164|0x00000000aa400000, 0x00000000aa400000, 0x00000000aa500000|  0%| F|  |TAMS 0x00000000aa400000, 0x00000000aa400000| Untracked 
| 165|0x00000000aa500000, 0x00000000aa500000, 0x00000000aa600000|  0%| F|  |TAMS 0x00000000aa500000, 0x00000000aa500000| Untracked 
| 166|0x00000000aa600000, 0x00000000aa600000, 0x00000000aa700000|  0%| F|  |TAMS 0x00000000aa600000, 0x00000000aa600000| Untracked 
| 167|0x00000000aa700000, 0x00000000aa700000, 0x00000000aa800000|  0%| F|  |TAMS 0x00000000aa700000, 0x00000000aa700000| Untracked 
| 168|0x00000000aa800000, 0x00000000aa800000, 0x00000000aa900000|  0%| F|  |TAMS 0x00000000aa800000, 0x00000000aa800000| Untracked 
| 169|0x00000000aa900000, 0x00000000aa900000, 0x00000000aaa00000|  0%| F|  |TAMS 0x00000000aa900000, 0x00000000aa900000| Untracked 
| 170|0x00000000aaa00000, 0x00000000aaa00000, 0x00000000aab00000|  0%| F|  |TAMS 0x00000000aaa00000, 0x00000000aaa00000| Untracked 
| 171|0x00000000aab00000, 0x00000000aab00000, 0x00000000aac00000|  0%| F|  |TAMS 0x00000000aab00000, 0x00000000aab00000| Untracked 
| 172|0x00000000aac00000, 0x00000000aac00000, 0x00000000aad00000|  0%| F|  |TAMS 0x00000000aac00000, 0x00000000aac00000| Untracked 
| 173|0x00000000aad00000, 0x00000000aad00000, 0x00000000aae00000|  0%| F|  |TAMS 0x00000000aad00000, 0x00000000aad00000| Untracked 
| 174|0x00000000aae00000, 0x00000000aae00000, 0x00000000aaf00000|  0%| F|  |TAMS 0x00000000aae00000, 0x00000000aae00000| Untracked 
| 175|0x00000000aaf00000, 0x00000000aaf00000, 0x00000000ab000000|  0%| F|  |TAMS 0x00000000aaf00000, 0x00000000aaf00000| Untracked 
| 176|0x00000000ab000000, 0x00000000ab000000, 0x00000000ab100000|  0%| F|  |TAMS 0x00000000ab000000, 0x00000000ab000000| Untracked 
| 177|0x00000000ab100000, 0x00000000ab100000, 0x00000000ab200000|  0%| F|  |TAMS 0x00000000ab100000, 0x00000000ab100000| Untracked 
| 178|0x00000000ab200000, 0x00000000ab200000, 0x00000000ab300000|  0%| F|  |TAMS 0x00000000ab200000, 0x00000000ab200000| Untracked 
| 179|0x00000000ab300000, 0x00000000ab300000, 0x00000000ab400000|  0%| F|  |TAMS 0x00000000ab300000, 0x00000000ab300000| Untracked 
| 180|0x00000000ab400000, 0x00000000ab400000, 0x00000000ab500000|  0%| F|  |TAMS 0x00000000ab400000, 0x00000000ab400000| Untracked 
| 181|0x00000000ab500000, 0x00000000ab500000, 0x00000000ab600000|  0%| F|  |TAMS 0x00000000ab500000, 0x00000000ab500000| Untracked 
| 182|0x00000000ab600000, 0x00000000ab6533c8, 0x00000000ab700000| 32%| S|CS|TAMS 0x00000000ab600000, 0x00000000ab600000| Complete 
| 183|0x00000000ab700000, 0x00000000ab800000, 0x00000000ab800000|100%| S|CS|TAMS 0x00000000ab700000, 0x00000000ab700000| Complete 
| 184|0x00000000ab800000, 0x00000000ab900000, 0x00000000ab900000|100%| S|CS|TAMS 0x00000000ab800000, 0x00000000ab800000| Complete 
| 185|0x00000000ab900000, 0x00000000aba00000, 0x00000000aba00000|100%| S|CS|TAMS 0x00000000ab900000, 0x00000000ab900000| Complete 
| 186|0x00000000aba00000, 0x00000000aba00000, 0x00000000abb00000|  0%| F|  |TAMS 0x00000000aba00000, 0x00000000aba00000| Untracked 
| 187|0x00000000abb00000, 0x00000000abb00000, 0x00000000abc00000|  0%| F|  |TAMS 0x00000000abb00000, 0x00000000abb00000| Untracked 
| 188|0x00000000abc00000, 0x00000000abc00000, 0x00000000abd00000|  0%| F|  |TAMS 0x00000000abc00000, 0x00000000abc00000| Untracked 
| 189|0x00000000abd00000, 0x00000000abd00000, 0x00000000abe00000|  0%| F|  |TAMS 0x00000000abd00000, 0x00000000abd00000| Untracked 
| 190|0x00000000abe00000, 0x00000000abe00000, 0x00000000abf00000|  0%| F|  |TAMS 0x00000000abe00000, 0x00000000abe00000| Untracked 
| 191|0x00000000abf00000, 0x00000000abf00000, 0x00000000ac000000|  0%| F|  |TAMS 0x00000000abf00000, 0x00000000abf00000| Untracked 
| 192|0x00000000ac000000, 0x00000000ac000000, 0x00000000ac100000|  0%| F|  |TAMS 0x00000000ac000000, 0x00000000ac000000| Untracked 
| 193|0x00000000ac100000, 0x00000000ac100000, 0x00000000ac200000|  0%| F|  |TAMS 0x00000000ac100000, 0x00000000ac100000| Untracked 
| 194|0x00000000ac200000, 0x00000000ac200000, 0x00000000ac300000|  0%| F|  |TAMS 0x00000000ac200000, 0x00000000ac200000| Untracked 
| 195|0x00000000ac300000, 0x00000000ac300000, 0x00000000ac400000|  0%| F|  |TAMS 0x00000000ac300000, 0x00000000ac300000| Untracked 
| 196|0x00000000ac400000, 0x00000000ac400000, 0x00000000ac500000|  0%| F|  |TAMS 0x00000000ac400000, 0x00000000ac400000| Untracked 
| 197|0x00000000ac500000, 0x00000000ac500000, 0x00000000ac600000|  0%| F|  |TAMS 0x00000000ac500000, 0x00000000ac500000| Untracked 
| 198|0x00000000ac600000, 0x00000000ac600000, 0x00000000ac700000|  0%| F|  |TAMS 0x00000000ac600000, 0x00000000ac600000| Untracked 
| 199|0x00000000ac700000, 0x00000000ac700000, 0x00000000ac800000|  0%| F|  |TAMS 0x00000000ac700000, 0x00000000ac700000| Untracked 
| 200|0x00000000ac800000, 0x00000000ac800000, 0x00000000ac900000|  0%| F|  |TAMS 0x00000000ac800000, 0x00000000ac800000| Untracked 
| 201|0x00000000ac900000, 0x00000000ac900000, 0x00000000aca00000|  0%| F|  |TAMS 0x00000000ac900000, 0x00000000ac900000| Untracked 
| 202|0x00000000aca00000, 0x00000000aca00000, 0x00000000acb00000|  0%| F|  |TAMS 0x00000000aca00000, 0x00000000aca00000| Untracked 
| 203|0x00000000acb00000, 0x00000000acb00000, 0x00000000acc00000|  0%| F|  |TAMS 0x00000000acb00000, 0x00000000acb00000| Untracked 
| 204|0x00000000acc00000, 0x00000000acc00000, 0x00000000acd00000|  0%| F|  |TAMS 0x00000000acc00000, 0x00000000acc00000| Untracked 
| 205|0x00000000acd00000, 0x00000000acd00000, 0x00000000ace00000|  0%| F|  |TAMS 0x00000000acd00000, 0x00000000acd00000| Untracked 
| 206|0x00000000ace00000, 0x00000000ace00000, 0x00000000acf00000|  0%| F|  |TAMS 0x00000000ace00000, 0x00000000ace00000| Untracked 
| 207|0x00000000acf00000, 0x00000000acf21418, 0x00000000ad000000| 12%| E|  |TAMS 0x00000000acf00000, 0x00000000acf00000| Complete 
| 208|0x00000000ad000000, 0x00000000ad100000, 0x00000000ad100000|100%| E|CS|TAMS 0x00000000ad000000, 0x00000000ad000000| Complete 
| 209|0x00000000ad100000, 0x00000000ad200000, 0x00000000ad200000|100%| E|CS|TAMS 0x00000000ad100000, 0x00000000ad100000| Complete 
| 210|0x00000000ad200000, 0x00000000ad300000, 0x00000000ad300000|100%| E|CS|TAMS 0x00000000ad200000, 0x00000000ad200000| Complete 
| 211|0x00000000ad300000, 0x00000000ad400000, 0x00000000ad400000|100%| E|CS|TAMS 0x00000000ad300000, 0x00000000ad300000| Complete 
| 212|0x00000000ad400000, 0x00000000ad500000, 0x00000000ad500000|100%| E|CS|TAMS 0x00000000ad400000, 0x00000000ad400000| Complete 
| 213|0x00000000ad500000, 0x00000000ad600000, 0x00000000ad600000|100%| E|CS|TAMS 0x00000000ad500000, 0x00000000ad500000| Complete 
| 214|0x00000000ad600000, 0x00000000ad700000, 0x00000000ad700000|100%| E|CS|TAMS 0x00000000ad600000, 0x00000000ad600000| Complete 
| 215|0x00000000ad700000, 0x00000000ad800000, 0x00000000ad800000|100%| E|CS|TAMS 0x00000000ad700000, 0x00000000ad700000| Complete 
| 216|0x00000000ad800000, 0x00000000ad900000, 0x00000000ad900000|100%| E|CS|TAMS 0x00000000ad800000, 0x00000000ad800000| Complete 
| 217|0x00000000ad900000, 0x00000000ada00000, 0x00000000ada00000|100%| E|CS|TAMS 0x00000000ad900000, 0x00000000ad900000| Complete 
| 218|0x00000000ada00000, 0x00000000adb00000, 0x00000000adb00000|100%| E|CS|TAMS 0x00000000ada00000, 0x00000000ada00000| Complete 
| 219|0x00000000adb00000, 0x00000000adc00000, 0x00000000adc00000|100%| E|CS|TAMS 0x00000000adb00000, 0x00000000adb00000| Complete 
| 220|0x00000000adc00000, 0x00000000add00000, 0x00000000add00000|100%| E|CS|TAMS 0x00000000adc00000, 0x00000000adc00000| Complete 
| 221|0x00000000add00000, 0x00000000ade00000, 0x00000000ade00000|100%| E|CS|TAMS 0x00000000add00000, 0x00000000add00000| Complete 
| 222|0x00000000ade00000, 0x00000000adf00000, 0x00000000adf00000|100%| E|CS|TAMS 0x00000000ade00000, 0x00000000ade00000| Complete 
| 223|0x00000000adf00000, 0x00000000ae000000, 0x00000000ae000000|100%| E|CS|TAMS 0x00000000adf00000, 0x00000000adf00000| Complete 
| 224|0x00000000ae000000, 0x00000000ae100000, 0x00000000ae100000|100%| E|CS|TAMS 0x00000000ae000000, 0x00000000ae000000| Complete 

Card table byte_map: [0x000002471f640000,0x000002471f940000] _byte_map_base: 0x000002471f140000

Marking Bits (Prev, Next): (CMBitMap*) 0x000002470ceb82b0, (CMBitMap*) 0x000002470ceb82f0
 Prev Bits: [0x000002471fc40000, 0x0000024721440000)
 Next Bits: [0x0000024721440000, 0x0000024722c40000)

Polling page: 0x000002470b010000

Metaspace:

Usage:
  Non-class:     86.81 MB used.
      Class:     13.64 MB used.
       Both:    100.45 MB used.

Virtual space:
  Non-class space:       88.00 MB reserved,      87.38 MB (>99%) committed,  11 nodes.
      Class space:        1.00 GB reserved,      14.06 MB (  1%) committed,  1 nodes.
             Both:        1.09 GB reserved,     101.44 MB (  9%) committed. 

Chunk freelists:
   Non-Class:  689.00 KB
       Class:  1.76 MB
        Both:  2.43 MB

MaxMetaspaceSize: unlimited
CompressedClassSpaceSize: 1.00 GB
Initial GC threshold: 21.00 MB
Current GC threshold: 141.69 MB
CDS: off
MetaspaceReclaimPolicy: balanced
 - commit_granule_bytes: 65536.
 - commit_granule_words: 8192.
 - virtual_space_node_default_size: 1048576.
 - enlarge_chunks_in_place: 1.
 - new_chunks_are_fully_committed: 0.
 - uncommit_free_chunks: 1.
 - use_allocation_guard: 0.
 - handle_deallocations: 1.


Internal statistics:

num_allocs_failed_limit: 9.
num_arena_births: 1244.
num_arena_deaths: 0.
num_vsnodes_births: 12.
num_vsnodes_deaths: 0.
num_space_committed: 1623.
num_space_uncommitted: 0.
num_chunks_returned_to_freelist: 9.
num_chunks_taken_from_freelist: 5250.
num_chunk_merges: 3.
num_chunk_splits: 3374.
num_chunks_enlarged: 2161.
num_purges: 0.
num_inconsistent_stats: 0.

CodeHeap 'non-profiled nmethods': size=120000Kb used=5557Kb max_used=5557Kb free=114442Kb
 bounds [0x0000024717e10000, 0x0000024718380000, 0x000002471f340000]
CodeHeap 'profiled nmethods': size=120000Kb used=22574Kb max_used=22574Kb free=97425Kb
 bounds [0x0000024710340000, 0x0000024711950000, 0x0000024717870000]
CodeHeap 'non-nmethods': size=5760Kb used=2394Kb max_used=2439Kb free=3365Kb
 bounds [0x0000024717870000, 0x0000024717af0000, 0x0000024717e10000]
 total_blobs=12849 nmethods=11915 adapters=846
 compilation: enabled
              stopped_count=0, restarted_count=0
 full_count=0

Compilation events (20 events):
Event: 63.637 Thread 0x000002472514b730 nmethod 13531 0x000002471837bf10 code [0x000002471837c0a0, 0x000002471837c5d8]
Event: 64.689 Thread 0x000002472514b730 13532   !   4       org.gradle.internal.concurrent.ExecutorPolicy$CatchAndRecordFailures::onExecute (29 bytes)
Event: 64.704 Thread 0x000002472514b730 nmethod 13532 0x000002471837c790 code [0x000002471837c920, 0x000002471837ca98]
Event: 64.847 Thread 0x0000024725c407a0 13533       1       org.gradle.launcher.daemon.server.health.gc.GarbageCollectionEvent::getUsage (5 bytes)
Event: 64.848 Thread 0x0000024725c407a0 nmethod 13533 0x000002471837cc10 code [0x000002471837cda0, 0x000002471837ce78]
Event: 64.848 Thread 0x0000024725c407a0 13534       1       java.lang.management.MemoryUsage::getUsed (5 bytes)
Event: 64.849 Thread 0x0000024725c407a0 nmethod 13534 0x000002471837cf10 code [0x000002471837d0a0, 0x000002471837d178]
Event: 66.210 Thread 0x000002472514b730 13535       4       java.lang.StringConcatHelper::mix (27 bytes)
Event: 66.213 Thread 0x000002472514b730 nmethod 13535 0x000002471837d210 code [0x000002471837d380, 0x000002471837d438]
Event: 70.546 Thread 0x000002472514b730 13536   !   4       java.net.URLClassLoader::defineClass (224 bytes)
Event: 70.563 Thread 0x0000024725c407a0 13537       3       org.gradle.internal.io.LineBufferingOutputStream::write (59 bytes)
Event: 70.568 Thread 0x0000024725c407a0 nmethod 13537 0x0000024711948a10 code [0x0000024711948cc0, 0x0000024711949a98]
Event: 70.568 Thread 0x0000024725c407a0 13541   !   3       java.nio.charset.CharsetEncoder::encode (273 bytes)
Event: 70.571 Thread 0x0000024725c407a0 nmethod 13541 0x000002471194a010 code [0x000002471194a300, 0x000002471194b5c8]
Event: 70.571 Thread 0x0000024725c407a0 13538       3       org.gradle.internal.io.StreamByteBuffer$StreamByteBufferOutputStream::write (22 bytes)
Event: 70.571 Thread 0x0000024725c407a0 nmethod 13538 0x000002471159f690 code [0x000002471159f840, 0x000002471159fa18]
Event: 70.571 Thread 0x0000024725c407a0 13539       3       org.gradle.internal.io.StreamByteBuffer$StreamByteBufferChunk::write (32 bytes)
Event: 70.572 Thread 0x0000024725c407a0 nmethod 13539 0x000002471194bb90 code [0x000002471194bd40, 0x000002471194bef8]
Event: 70.572 Thread 0x0000024725c407a0 13540       3       org.gradle.internal.io.LineBufferingOutputStream::endsWithLineSeparator (27 bytes)
Event: 70.572 Thread 0x0000024725c407a0 nmethod 13540 0x000002471194c010 code [0x000002471194c1a0, 0x000002471194c358]

GC Heap History (20 events):
Event: 32.603 GC heap before
{Heap before GC invocations=57 (full 0):
 garbage-first heap   total 138240K, used 117028K [0x00000000a0000000, 0x0000000100000000)
  region size 1024K, 17 young (17408K), 3 survivors (3072K)
 Metaspace       used 85628K, committed 86464K, reserved 1130496K
  class space    used 11630K, committed 11968K, reserved 1048576K
}
Event: 32.608 GC heap after
{Heap after GC invocations=58 (full 0):
 garbage-first heap   total 138240K, used 107953K [0x00000000a0000000, 0x0000000100000000)
  region size 1024K, 3 young (3072K), 3 survivors (3072K)
 Metaspace       used 85628K, committed 86464K, reserved 1130496K
  class space    used 11630K, committed 11968K, reserved 1048576K
}
Event: 32.952 GC heap before
{Heap before GC invocations=58 (full 0):
 garbage-first heap   total 138240K, used 118193K [0x00000000a0000000, 0x0000000100000000)
  region size 1024K, 13 young (13312K), 3 survivors (3072K)
 Metaspace       used 86317K, committed 87040K, reserved 1130496K
  class space    used 11742K, committed 12032K, reserved 1048576K
}
Event: 32.958 GC heap after
{Heap after GC invocations=59 (full 0):
 garbage-first heap   total 138240K, used 109106K [0x00000000a0000000, 0x0000000100000000)
  region size 1024K, 1 young (1024K), 1 survivors (1024K)
 Metaspace       used 86317K, committed 87040K, reserved 1130496K
  class space    used 11742K, committed 12032K, reserved 1048576K
}
Event: 33.530 GC heap before
{Heap before GC invocations=60 (full 0):
 garbage-first heap   total 191488K, used 119346K [0x00000000a0000000, 0x0000000100000000)
  region size 1024K, 11 young (11264K), 1 survivors (1024K)
 Metaspace       used 86402K, committed 87168K, reserved 1130496K
  class space    used 11744K, committed 12032K, reserved 1048576K
}
Event: 33.534 GC heap after
{Heap after GC invocations=61 (full 0):
 garbage-first heap   total 191488K, used 109261K [0x00000000a0000000, 0x0000000100000000)
  region size 1024K, 1 young (1024K), 1 survivors (1024K)
 Metaspace       used 86402K, committed 87168K, reserved 1130496K
  class space    used 11744K, committed 12032K, reserved 1048576K
}
Event: 33.629 GC heap before
{Heap before GC invocations=61 (full 0):
 garbage-first heap   total 191488K, used 117453K [0x00000000a0000000, 0x0000000100000000)
  region size 1024K, 9 young (9216K), 1 survivors (1024K)
 Metaspace       used 86447K, committed 87232K, reserved 1130496K
  class space    used 11744K, committed 12032K, reserved 1048576K
}
Event: 33.635 GC heap after
{Heap after GC invocations=62 (full 0):
 garbage-first heap   total 191488K, used 108116K [0x00000000a0000000, 0x0000000100000000)
  region size 1024K, 2 young (2048K), 2 survivors (2048K)
 Metaspace       used 86447K, committed 87232K, reserved 1130496K
  class space    used 11744K, committed 12032K, reserved 1048576K
}
Event: 34.260 GC heap before
{Heap before GC invocations=62 (full 0):
 garbage-first heap   total 191488K, used 144980K [0x00000000a0000000, 0x0000000100000000)
  region size 1024K, 38 young (38912K), 2 survivors (2048K)
 Metaspace       used 87873K, committed 88640K, reserved 1130496K
  class space    used 11914K, committed 12224K, reserved 1048576K
}
Event: 34.268 GC heap after
{Heap after GC invocations=63 (full 0):
 garbage-first heap   total 230400K, used 109865K [0x00000000a0000000, 0x0000000100000000)
  region size 1024K, 3 young (3072K), 3 survivors (3072K)
 Metaspace       used 87873K, committed 88640K, reserved 1130496K
  class space    used 11914K, committed 12224K, reserved 1048576K
}
Event: 36.955 GC heap before
{Heap before GC invocations=63 (full 0):
 garbage-first heap   total 230400K, used 171305K [0x00000000a0000000, 0x0000000100000000)
  region size 1024K, 62 young (63488K), 3 survivors (3072K)
 Metaspace       used 90784K, committed 91712K, reserved 1130496K
  class space    used 12314K, committed 12736K, reserved 1048576K
}
Event: 36.976 GC heap after
{Heap after GC invocations=64 (full 0):
 garbage-first heap   total 230400K, used 121521K [0x00000000a0000000, 0x0000000100000000)
  region size 1024K, 8 young (8192K), 8 survivors (8192K)
 Metaspace       used 90784K, committed 91712K, reserved 1130496K
  class space    used 12314K, committed 12736K, reserved 1048576K
}
Event: 38.480 GC heap before
{Heap before GC invocations=64 (full 0):
 garbage-first heap   total 230400K, used 173745K [0x00000000a0000000, 0x0000000100000000)
  region size 1024K, 59 young (60416K), 8 survivors (8192K)
 Metaspace       used 96839K, committed 97728K, reserved 1138688K
  class space    used 13178K, committed 13568K, reserved 1048576K
}
Event: 38.497 GC heap after
{Heap after GC invocations=65 (full 0):
 garbage-first heap   total 230400K, used 126152K [0x00000000a0000000, 0x0000000100000000)
  region size 1024K, 4 young (4096K), 4 survivors (4096K)
 Metaspace       used 96839K, committed 97728K, reserved 1138688K
  class space    used 13178K, committed 13568K, reserved 1048576K
}
Event: 39.813 GC heap before
{Heap before GC invocations=65 (full 0):
 garbage-first heap   total 230400K, used 179400K [0x00000000a0000000, 0x0000000100000000)
  region size 1024K, 56 young (57344K), 4 survivors (4096K)
 Metaspace       used 98490K, committed 99392K, reserved 1138688K
  class space    used 13376K, committed 13760K, reserved 1048576K
}
Event: 39.838 GC heap after
{Heap after GC invocations=66 (full 0):
 garbage-first heap   total 230400K, used 136805K [0x00000000a0000000, 0x0000000100000000)
  region size 1024K, 7 young (7168K), 7 survivors (7168K)
 Metaspace       used 98490K, committed 99392K, reserved 1138688K
  class space    used 13376K, committed 13760K, reserved 1048576K
}
Event: 40.931 GC heap before
{Heap before GC invocations=66 (full 0):
 garbage-first heap   total 230400K, used 180837K [0x00000000a0000000, 0x0000000100000000)
  region size 1024K, 51 young (52224K), 7 survivors (7168K)
 Metaspace       used 100733K, committed 101760K, reserved 1138688K
  class space    used 13620K, committed 14080K, reserved 1048576K
}
Event: 40.958 GC heap after
{Heap after GC invocations=67 (full 0):
 garbage-first heap   total 230400K, used 145059K [0x00000000a0000000, 0x0000000100000000)
  region size 1024K, 7 young (7168K), 7 survivors (7168K)
 Metaspace       used 100733K, committed 101760K, reserved 1138688K
  class space    used 13620K, committed 14080K, reserved 1048576K
}
Event: 42.257 GC heap before
{Heap before GC invocations=67 (full 0):
 garbage-first heap   total 230400K, used 184995K [0x00000000a0000000, 0x0000000100000000)
  region size 1024K, 46 young (47104K), 7 survivors (7168K)
 Metaspace       used 102349K, committed 103360K, reserved 1138688K
  class space    used 13871K, committed 14336K, reserved 1048576K
}
Event: 42.278 GC heap after
{Heap after GC invocations=68 (full 0):
 garbage-first heap   total 230400K, used 148155K [0x00000000a0000000, 0x0000000100000000)
  region size 1024K, 4 young (4096K), 4 survivors (4096K)
 Metaspace       used 102349K, committed 103360K, reserved 1138688K
  class space    used 13871K, committed 14336K, reserved 1048576K
}

Dll operation events (2 events):
Event: 0.016 Loaded shared library C:\Program Files\Android\Android Studio1\jbr\bin\java.dll
Event: 1.043 Loaded shared library C:\Program Files\Android\Android Studio1\jbr\bin\verify.dll

Deoptimization events (20 events):
Event: 42.431 Thread 0x0000024729cd73c0 Uncommon trap: trap_request=0xffffffc6 fr.pc=0x0000024718364044 relative=0x0000000000000784
Event: 42.431 Thread 0x0000024729cd73c0 Uncommon trap: reason=bimorphic_or_optimized_type_check action=maybe_recompile pc=0x0000024718364044 method=org.gradle.internal.snapshot.ChildMap$Entry.handleAncestorDescendantOrExactMatch(Lorg/gradle/internal/snapshot/VfsRelativePath;Lorg/gradle/internal
Event: 42.431 Thread 0x0000024729cd73c0 DEOPT PACKING pc=0x0000024718364044 sp=0x0000007ace4fb1a0
Event: 42.431 Thread 0x0000024729cd73c0 DEOPT UNPACKING pc=0x00000247178c69a3 sp=0x0000007ace4fb150 mode 2
Event: 42.431 Thread 0x0000024729cd73c0 Uncommon trap: trap_request=0xffffffc6 fr.pc=0x0000024718364044 relative=0x0000000000000784
Event: 42.431 Thread 0x0000024729cd73c0 Uncommon trap: reason=bimorphic_or_optimized_type_check action=maybe_recompile pc=0x0000024718364044 method=org.gradle.internal.snapshot.ChildMap$Entry.handleAncestorDescendantOrExactMatch(Lorg/gradle/internal/snapshot/VfsRelativePath;Lorg/gradle/internal
Event: 42.431 Thread 0x0000024729cd73c0 DEOPT PACKING pc=0x0000024718364044 sp=0x0000007ace4fad60
Event: 42.431 Thread 0x0000024729cd73c0 DEOPT UNPACKING pc=0x00000247178c69a3 sp=0x0000007ace4fad10 mode 2
Event: 42.432 Thread 0x0000024729cd73c0 Uncommon trap: trap_request=0xffffffde fr.pc=0x0000024718364068 relative=0x00000000000007a8
Event: 42.432 Thread 0x0000024729cd73c0 Uncommon trap: reason=class_check action=maybe_recompile pc=0x0000024718364068 method=org.gradle.internal.snapshot.ChildMap$Entry.handleAncestorDescendantOrExactMatch(Lorg/gradle/internal/snapshot/VfsRelativePath;Lorg/gradle/internal/snapshot/CaseSensitiv
Event: 42.432 Thread 0x0000024729cd73c0 DEOPT PACKING pc=0x0000024718364068 sp=0x0000007ace4fa920
Event: 42.432 Thread 0x0000024729cd73c0 DEOPT UNPACKING pc=0x00000247178c69a3 sp=0x0000007ace4fa8d8 mode 2
Event: 42.436 Thread 0x0000024729cd73c0 Uncommon trap: trap_request=0xffffffde fr.pc=0x0000024718364090 relative=0x00000000000007d0
Event: 42.436 Thread 0x0000024729cd73c0 Uncommon trap: reason=class_check action=maybe_recompile pc=0x0000024718364090 method=org.gradle.internal.snapshot.ChildMap$Entry.handleAncestorDescendantOrExactMatch(Lorg/gradle/internal/snapshot/VfsRelativePath;Lorg/gradle/internal/snapshot/CaseSensitiv
Event: 42.436 Thread 0x0000024729cd73c0 DEOPT PACKING pc=0x0000024718364090 sp=0x0000007ace4fac80
Event: 42.436 Thread 0x0000024729cd73c0 DEOPT UNPACKING pc=0x00000247178c69a3 sp=0x0000007ace4fac50 mode 2
Event: 42.438 Thread 0x0000024729cd73c0 Uncommon trap: trap_request=0xffffffde fr.pc=0x000002471835da20 relative=0x0000000000001580
Event: 42.438 Thread 0x0000024729cd73c0 Uncommon trap: reason=class_check action=maybe_recompile pc=0x000002471835da20 method=org.gradle.internal.snapshot.ChildMap$Entry.handlePath(Lorg/gradle/internal/snapshot/VfsRelativePath;Lorg/gradle/internal/snapshot/CaseSensitivity;Lorg/gradle/internal/s
Event: 42.438 Thread 0x0000024729cd73c0 DEOPT PACKING pc=0x000002471835da20 sp=0x0000007ace4fb7b0
Event: 42.438 Thread 0x0000024729cd73c0 DEOPT UNPACKING pc=0x00000247178c69a3 sp=0x0000007ace4fb748 mode 2

Classes unloaded (0 events):
No events

Classes redefined (0 events):
No events

Internal exceptions (20 events):
Event: 42.482 Thread 0x0000024729cd73c0 Exception <a 'java/lang/ClassNotFoundException'{0x00000000ad3b3de8}: org/gradle/process/internal/DefaultExecAction_DecoratedBeanInfo> (0x00000000ad3b3de8) 
thrown [s\src\hotspot\share\classfile\systemDictionary.cpp, line 256]
Event: 42.483 Thread 0x0000024729cd73c0 Exception <a 'java/lang/ClassNotFoundException'{0x00000000ad3c52d0}: org/gradle/process/internal/DefaultExecActionBeanInfo> (0x00000000ad3c52d0) 
thrown [s\src\hotspot\share\classfile\systemDictionary.cpp, line 256]
Event: 42.484 Thread 0x0000024729cd73c0 Exception <a 'java/lang/ClassNotFoundException'{0x00000000ad3d73f0}: org/gradle/process/internal/DefaultExecHandleBuilderBeanInfo> (0x00000000ad3d73f0) 
thrown [s\src\hotspot\share\classfile\systemDictionary.cpp, line 256]
Event: 42.485 Thread 0x0000024729cd73c0 Exception <a 'java/lang/ClassNotFoundException'{0x00000000ad3e9a30}: org/gradle/process/internal/AbstractExecHandleBuilderBeanInfo> (0x00000000ad3e9a30) 
thrown [s\src\hotspot\share\classfile\systemDictionary.cpp, line 256]
Event: 42.487 Thread 0x0000024729cd73c0 Exception <a 'java/lang/ClassNotFoundException'{0x00000000ad3fc8a0}: org/gradle/process/internal/DefaultProcessForkOptionsBeanInfo> (0x00000000ad3fc8a0) 
thrown [s\src\hotspot\share\classfile\systemDictionary.cpp, line 256]
Event: 42.489 Thread 0x0000024729cd73c0 Exception <a 'java/lang/ClassNotFoundException'{0x00000000ad20f498}: org/gradle/process/internal/DefaultProcessForkOptionsCustomizer> (0x00000000ad20f498) 
thrown [s\src\hotspot\share\classfile\systemDictionary.cpp, line 256]
Event: 42.491 Thread 0x0000024729cd73c0 Exception <a 'java/lang/ClassNotFoundException'{0x00000000ad22f250}: org/gradle/process/internal/AbstractExecHandleBuilderCustomizer> (0x00000000ad22f250) 
thrown [s\src\hotspot\share\classfile\systemDictionary.cpp, line 256]
Event: 42.494 Thread 0x0000024729cd73c0 Exception <a 'java/lang/ClassNotFoundException'{0x00000000ad253678}: org/gradle/process/internal/DefaultExecHandleBuilderCustomizer> (0x00000000ad253678) 
thrown [s\src\hotspot\share\classfile\systemDictionary.cpp, line 256]
Event: 42.496 Thread 0x0000024729cd73c0 Exception <a 'java/lang/ClassNotFoundException'{0x00000000ad292fb8}: org/gradle/process/internal/DefaultExecActionCustomizer> (0x00000000ad292fb8) 
thrown [s\src\hotspot\share\classfile\systemDictionary.cpp, line 256]
Event: 42.499 Thread 0x0000024729cd73c0 Exception <a 'java/lang/ClassNotFoundException'{0x00000000ad2ae220}: org/gradle/process/internal/DefaultExecAction_DecoratedCustomizer> (0x00000000ad2ae220) 
thrown [s\src\hotspot\share\classfile\systemDictionary.cpp, line 256]
Event: 42.502 Thread 0x0000024729cd73c0 Exception <a 'java/lang/ClassNotFoundException'{0x00000000ad2e6990}: org/gradle/api/logging/LogLevelBeanInfo> (0x00000000ad2e6990) 
thrown [s\src\hotspot\share\classfile\systemDictionary.cpp, line 256]
Event: 42.503 Thread 0x0000024729cd73c0 Exception <a 'java/lang/ClassNotFoundException'{0x00000000ad2f74d8}: org/gradle/api/logging/LogLevelCustomizer> (0x00000000ad2f74d8) 
thrown [s\src\hotspot\share\classfile\systemDictionary.cpp, line 256]
Event: 42.508 Thread 0x0000024729cd73c0 Exception <a 'java/lang/ClassNotFoundException'{0x00000000ad13b480}: org/gradle/internal/logging/services/DefaultLoggingManagerBeanInfo> (0x00000000ad13b480) 
thrown [s\src\hotspot\share\classfile\systemDictionary.cpp, line 256]
Event: 42.509 Thread 0x0000024729cd73c0 Exception <a 'java/lang/ClassNotFoundException'{0x00000000ad14c950}: org/gradle/internal/logging/services/DefaultLoggingManagerCustomizer> (0x00000000ad14c950) 
thrown [s\src\hotspot\share\classfile\systemDictionary.cpp, line 256]
Event: 42.513 Thread 0x0000024729cd73c0 Exception <a 'java/lang/ClassNotFoundException'{0x00000000ad17d940}: java/lang/BooleanBeanInfo> (0x00000000ad17d940) 
thrown [s\src\hotspot\share\classfile\systemDictionary.cpp, line 256]
Event: 42.514 Thread 0x0000024729cd73c0 Exception <a 'java/lang/ClassNotFoundException'{0x00000000ad1846f8}: java/lang/BooleanCustomizer> (0x00000000ad1846f8) 
thrown [s\src\hotspot\share\classfile\systemDictionary.cpp, line 256]
Event: 42.555 Thread 0x0000024729cda3e0 Exception <a 'java/lang/NoSuchMethodError'{0x00000000ad1e7308}: 'void java.lang.invoke.DirectMethodHandle$Holder.invokeStatic(java.lang.Object, long)'> (0x00000000ad1e7308) 
thrown [s\src\hotspot\share\interpreter\linkResolver.cpp, line 771]
Event: 42.556 Thread 0x0000024729cda3e0 Exception <a 'java/lang/NoSuchMethodError'{0x00000000ad1ec578}: 'java.lang.Object java.lang.invoke.DirectMethodHandle$Holder.newInvokeSpecial(java.lang.Object, long)'> (0x00000000ad1ec578) 
thrown [s\src\hotspot\share\interpreter\linkResolver.cpp, line 771]
Event: 42.558 Thread 0x0000024729cda3e0 Exception <a 'java/lang/NoSuchMethodError'{0x00000000ad1f32d0}: 'java.lang.Object java.lang.invoke.DirectMethodHandle$Holder.invokeStatic(java.lang.Object, java.lang.Object, long, java.lang.Object)'> (0x00000000ad1f32d0) 
thrown [s\src\hotspot\share\interpreter\linkResolver.cpp, line 771]
Event: 42.558 Thread 0x0000024729cda3e0 Exception <a 'java/lang/NoSuchMethodError'{0x00000000ad1f6d20}: 'java.lang.Object java.lang.invoke.DirectMethodHandle$Holder.invokeStaticInit(java.lang.Object, java.lang.Object, long, java.lang.Object)'> (0x00000000ad1f6d20) 
thrown [s\src\hotspot\share\interpreter\linkResolver.cpp, line 771]

VM Operations (20 events):
Event: 42.473 Executing VM operation: HandshakeAllThreads
Event: 42.473 Executing VM operation: HandshakeAllThreads done
Event: 42.497 Executing VM operation: ICBufferFull
Event: 42.498 Executing VM operation: ICBufferFull done
Event: 42.561 Executing VM operation: HandshakeAllThreads
Event: 42.562 Executing VM operation: HandshakeAllThreads done
Event: 43.566 Executing VM operation: Cleanup
Event: 43.566 Executing VM operation: Cleanup done
Event: 44.574 Executing VM operation: Cleanup
Event: 44.574 Executing VM operation: Cleanup done
Event: 45.583 Executing VM operation: Cleanup
Event: 45.583 Executing VM operation: Cleanup done
Event: 49.611 Executing VM operation: Cleanup
Event: 49.611 Executing VM operation: Cleanup done
Event: 55.654 Executing VM operation: Cleanup
Event: 55.655 Executing VM operation: Cleanup done
Event: 65.720 Executing VM operation: Cleanup
Event: 65.720 Executing VM operation: Cleanup done
Event: 70.508 Executing VM operation: HandshakeAllThreads
Event: 70.516 Executing VM operation: HandshakeAllThreads done

Events (20 events):
Event: 42.513 loading class java/lang/BooleanBeanInfo done
Event: 42.513 loading class java/lang/BooleanBeanInfo
Event: 42.513 loading class java/lang/BooleanBeanInfo done
Event: 42.514 loading class java/lang/BooleanCustomizer
Event: 42.514 loading class java/lang/BooleanCustomizer done
Event: 42.514 loading class java/lang/BooleanCustomizer
Event: 42.514 loading class java/lang/BooleanCustomizer done
Event: 42.528 Thread 0x0000024729cda3e0 Thread added: 0x0000024729cda3e0
Event: 42.529 loading class java/lang/ProcessImpl
Event: 42.530 loading class java/lang/ProcessImpl done
Event: 42.556 loading class java/lang/ProcessHandleImpl
Event: 42.557 loading class java/lang/ProcessHandleImpl done
Event: 42.559 loading class java/lang/ProcessImpl$2
Event: 42.559 loading class java/lang/ProcessImpl$2 done
Event: 42.559 loading class java/lang/Process$PipeInputStream
Event: 42.560 loading class java/lang/Process$PipeInputStream done
Event: 42.562 loading class jdk/internal/event/ProcessStartEvent
Event: 42.562 loading class jdk/internal/event/ProcessStartEvent done
Event: 42.564 Thread 0x0000024729cd3060 Thread added: 0x0000024729cd3060
Event: 42.564 Thread 0x0000024729cd7d60 Thread added: 0x0000024729cd7d60


Dynamic libraries:
0x00007ff6e69f0000 - 0x00007ff6e69fa000 	C:\Program Files\Android\Android Studio1\jbr\bin\java.exe
0x00007fff11e10000 - 0x00007fff12005000 	C:\Windows\SYSTEM32\ntdll.dll
0x00007fff108a0000 - 0x00007fff1095e000 	C:\Windows\System32\KERNEL32.DLL
0x00007fff0f900000 - 0x00007fff0fbc9000 	C:\Windows\System32\KERNELBASE.dll
0x00007fff0f590000 - 0x00007fff0f690000 	C:\Windows\System32\ucrtbase.dll
0x00007fff07eb0000 - 0x00007fff07ec7000 	C:\Program Files\Android\Android Studio1\jbr\bin\jli.dll
0x00007fff08dd0000 - 0x00007fff08deb000 	C:\Program Files\Android\Android Studio1\jbr\bin\VCRUNTIME140.dll
0x00007fff10620000 - 0x00007fff107c1000 	C:\Windows\System32\USER32.dll
0x00007fff0fe30000 - 0x00007fff0fe52000 	C:\Windows\System32\win32u.dll
0x00007fff0fed0000 - 0x00007fff0fefb000 	C:\Windows\System32\GDI32.dll
0x00007fff0f730000 - 0x00007fff0f83b000 	C:\Windows\System32\gdi32full.dll
0x00007fff0f690000 - 0x00007fff0f72d000 	C:\Windows\System32\msvcp_win.dll
0x00007fff02f50000 - 0x00007fff031ea000 	C:\Windows\WinSxS\amd64_microsoft.windows.common-controls_6595b64144ccf1df_6.0.19041.1110_none_60b5254171f9507e\COMCTL32.dll
0x00007fff11380000 - 0x00007fff1141e000 	C:\Windows\System32\msvcrt.dll
0x00007fff11d10000 - 0x00007fff11d40000 	C:\Windows\System32\IMM32.DLL
0x00007fff0c6d0000 - 0x00007fff0c6dc000 	C:\Program Files\Android\Android Studio1\jbr\bin\vcruntime140_1.dll
0x00007fff02710000 - 0x00007fff0279d000 	C:\Program Files\Android\Android Studio1\jbr\bin\msvcp140.dll
0x00007ffedb7a0000 - 0x00007ffedc40d000 	C:\Program Files\Android\Android Studio1\jbr\bin\server\jvm.dll
0x00007fff10490000 - 0x00007fff1053c000 	C:\Windows\System32\ADVAPI32.dll
0x00007fff10340000 - 0x00007fff103db000 	C:\Windows\System32\sechost.dll
0x00007fff10970000 - 0x00007fff10a9a000 	C:\Windows\System32\RPCRT4.dll
0x00007fff0e930000 - 0x00007fff0e939000 	C:\Windows\SYSTEM32\WSOCK32.dll
0x00007fff10d70000 - 0x00007fff10ddb000 	C:\Windows\System32\WS2_32.dll
0x00007fff00900000 - 0x00007fff00927000 	C:\Windows\SYSTEM32\WINMM.dll
0x00007ffefef60000 - 0x00007ffefef6a000 	C:\Windows\SYSTEM32\VERSION.dll
0x00007fff0d760000 - 0x00007fff0d772000 	C:\Windows\SYSTEM32\kernel.appcore.dll
0x00007fff00b50000 - 0x00007fff00b5a000 	C:\Program Files\Android\Android Studio1\jbr\bin\jimage.dll
0x00007fff0ef50000 - 0x00007fff0f134000 	C:\Windows\SYSTEM32\DBGHELP.DLL
0x00007fff0ed00000 - 0x00007fff0ed2c000 	C:\Windows\SYSTEM32\dbgcore.DLL
0x00007fff0f870000 - 0x00007fff0f8f3000 	C:\Windows\System32\bcryptPrimitives.dll
0x00007fff00b20000 - 0x00007fff00b45000 	C:\Program Files\Android\Android Studio1\jbr\bin\java.dll
0x00007fff00b00000 - 0x00007fff00b18000 	C:\Program Files\Android\Android Studio1\jbr\bin\zip.dll
0x00007fff115d0000 - 0x00007fff11d0f000 	C:\Windows\System32\SHELL32.dll
0x00007fff0cf90000 - 0x00007fff0d720000 	C:\Windows\SYSTEM32\windows.storage.dll
0x00007fff0ff10000 - 0x00007fff10265000 	C:\Windows\System32\combase.dll
0x00007fff0e890000 - 0x00007fff0e8bc000 	C:\Windows\SYSTEM32\Wldp.dll
0x00007fff103e0000 - 0x00007fff1048d000 	C:\Windows\System32\SHCORE.dll
0x00007fff0fe60000 - 0x00007fff0feb5000 	C:\Windows\System32\shlwapi.dll
0x00007fff0f470000 - 0x00007fff0f48f000 	C:\Windows\SYSTEM32\profapi.dll
0x00007ffeffec0000 - 0x00007ffeffed9000 	C:\Program Files\Android\Android Studio1\jbr\bin\net.dll
0x00007fff00bb0000 - 0x00007fff00cb8000 	C:\Windows\SYSTEM32\WINHTTP.dll
0x00007fff0e760000 - 0x00007fff0e7ca000 	C:\Windows\system32\mswsock.dll
0x00007ffeffea0000 - 0x00007ffeffeb6000 	C:\Program Files\Android\Android Studio1\jbr\bin\nio.dll
0x00007ffefa5e0000 - 0x00007ffefa5f0000 	C:\Program Files\Android\Android Studio1\jbr\bin\verify.dll
0x00007fff04310000 - 0x00007fff04337000 	C:\Users\murshad\.gradle\native\e1d6ef7f7dcc3fd88c89a11ec53ec762bb8ba0a96d01ffa2cd45eb1d1d8dd5c5\windows-amd64\native-platform.dll
0x00007ffef8f50000 - 0x00007ffef9094000 	C:\Users\murshad\.gradle\native\0d407fdbe67a94daf76414ababcb853783967236a71b16ec16e742cd7a986fd3\windows-amd64\native-platform-file-events.dll
0x00007ffefac50000 - 0x00007ffefac59000 	C:\Program Files\Android\Android Studio1\jbr\bin\management.dll
0x00007ffefa720000 - 0x00007ffefa72b000 	C:\Program Files\Android\Android Studio1\jbr\bin\management_ext.dll
0x00007fff0fec0000 - 0x00007fff0fec8000 	C:\Windows\System32\PSAPI.DLL
0x00007fff0f2b0000 - 0x00007fff0f2c8000 	C:\Windows\SYSTEM32\CRYPTSP.dll
0x00007fff0df90000 - 0x00007fff0dfc4000 	C:\Windows\system32\rsaenh.dll
0x00007fff0f840000 - 0x00007fff0f867000 	C:\Windows\System32\bcrypt.dll
0x00007fff0f430000 - 0x00007fff0f45e000 	C:\Windows\SYSTEM32\USERENV.dll
0x00007fff0e850000 - 0x00007fff0e85c000 	C:\Windows\SYSTEM32\CRYPTBASE.dll
0x00007fff0e2e0000 - 0x00007fff0e31b000 	C:\Windows\SYSTEM32\IPHLPAPI.DLL
0x00007fff0ff00000 - 0x00007fff0ff08000 	C:\Windows\System32\NSI.dll
0x00007fff03780000 - 0x00007fff03797000 	C:\Windows\SYSTEM32\dhcpcsvc6.DLL
0x00007fff05ee0000 - 0x00007fff05efd000 	C:\Windows\SYSTEM32\dhcpcsvc.DLL
0x00007fff0e320000 - 0x00007fff0e3ec000 	C:\Windows\SYSTEM32\DNSAPI.dll
0x00007fff07520000 - 0x00007fff07527000 	C:\Windows\system32\wshunix.dll

dbghelp: loaded successfully - version: 4.0.5 - missing functions: none
symbol engine: initialized successfully - sym options: 0x614 - pdb path: .;C:\Program Files\Android\Android Studio1\jbr\bin;C:\Windows\SYSTEM32;C:\Windows\WinSxS\amd64_microsoft.windows.common-controls_6595b64144ccf1df_6.0.19041.1110_none_60b5254171f9507e;C:\Program Files\Android\Android Studio1\jbr\bin\server;C:\Users\murshad\.gradle\native\e1d6ef7f7dcc3fd88c89a11ec53ec762bb8ba0a96d01ffa2cd45eb1d1d8dd5c5\windows-amd64;C:\Users\murshad\.gradle\native\0d407fdbe67a94daf76414ababcb853783967236a71b16ec16e742cd7a986fd3\windows-amd64

VM Arguments:
jvm_args: --add-opens=java.base/java.util=ALL-UNNAMED --add-opens=java.base/java.lang=ALL-UNNAMED --add-opens=java.base/java.lang.invoke=ALL-UNNAMED --add-opens=java.base/java.util=ALL-UNNAMED --add-opens=java.prefs/java.util.prefs=ALL-UNNAMED --add-opens=java.prefs/java.util.prefs=ALL-UNNAMED --add-opens=java.base/java.nio.charset=ALL-UNNAMED --add-opens=java.base/java.net=ALL-UNNAMED --add-opens=java.base/java.util.concurrent.atomic=ALL-UNNAMED -Xmx1536M -Dfile.encoding=windows-1252 -Duser.country=US -Duser.language=en -Duser.variant 
java_command: org.gradle.launcher.daemon.bootstrap.GradleDaemon 7.5
java_class_path (initial): C:\Users\murshad\.gradle\wrapper\dists\gradle-7.5-all\6qsw290k5lz422uaf8jf6m7co\gradle-7.5\lib\gradle-launcher-7.5.jar
Launcher Type: SUN_STANDARD

[Global flags]
     intx CICompilerCount                          = 3                                         {product} {ergonomic}
     uint ConcGCThreads                            = 1                                         {product} {ergonomic}
     uint G1ConcRefinementThreads                  = 4                                         {product} {ergonomic}
   size_t G1HeapRegionSize                         = 1048576                                   {product} {ergonomic}
    uintx GCDrainStackTargetSize                   = 64                                        {product} {ergonomic}
   size_t InitialHeapSize                          = 62914560                                  {product} {ergonomic}
   size_t MarkStackSize                            = 4194304                                   {product} {ergonomic}
   size_t MaxHeapSize                              = 1610612736                                {product} {command line}
   size_t MaxNewSize                               = 965738496                                 {product} {ergonomic}
   size_t MinHeapDeltaBytes                        = 1048576                                   {product} {ergonomic}
   size_t MinHeapSize                              = 8388608                                   {product} {ergonomic}
    uintx NonNMethodCodeHeapSize                   = 5832780                                {pd product} {ergonomic}
    uintx NonProfiledCodeHeapSize                  = 122912730                              {pd product} {ergonomic}
    uintx ProfiledCodeHeapSize                     = 122912730                              {pd product} {ergonomic}
    uintx ReservedCodeCacheSize                    = 251658240                              {pd product} {ergonomic}
     bool SegmentedCodeCache                       = true                                      {product} {ergonomic}
   size_t SoftMaxHeapSize                          = 1610612736                             {manageable} {ergonomic}
     bool UseCompressedClassPointers               = true                           {product lp64_product} {ergonomic}
     bool UseCompressedOops                        = true                           {product lp64_product} {ergonomic}
     bool UseG1GC                                  = true                                      {product} {ergonomic}
     bool UseLargePagesIndividualAllocation        = false                                  {pd product} {ergonomic}

Logging:
Log output configuration:
 #0: stdout all=warning uptime,level,tags
 #1: stderr all=off uptime,level,tags

Environment Variables:
JAVA_HOME=C:\Program Files\Android\Android Studio1\jbr
CLASSPATH=D:\flutterprojects\tracking\android\\gradle\wrapper\gradle-wrapper.jar
PATH=C:\Program Files\Common Files\Oracle\Java\javapath;C:\Program Files (x86)\Common Files\Oracle\Java\javapath;C:\Windows\system32;C:\Windows;C:\Windows\System32\Wbem;C:\Windows\System32\WindowsPowerShell\v1.0\;C:\Windows\System32\OpenSSH\;C:\Program Files\nodejs\;C:\ProgramData\chocolatey\bin;D:\fluttersdk\flutter\bin\cache\dart-sdk;D:\fluttersdk\flutter\bin\cache\dart-sdk\bin;C:\Users\murshad\AppData\Local\Pub\Cache\bin;C:\Program Files\Android\Android Studio\jre;C:\Program Files\Android\Android Studio\jbr;C:\Program Files\Android\Android Studio1\jbr;C:\Program Files (x86)\Java\jre-1.8;C:\Users\murshad\AppData\Local\Microsoft\WindowsApps;C:\Users\murshad\AppData\Roaming\npm;D:\fluttersdk\flutter\bin\cache\dart-sdk;D:\fluttersdk\flutter\bin\cache\dart-sdk\bin;C:\Users\murshad\AppData\Local\Pub\Cache\bin;C:\Program Files\Android\Android Studio\jre;C:\Program Files\Android\Android Studio;C:\Program Files\Android\Android Studio\jbr;C:\Program Files\Android\Android Studio1\jbr;C:\Program Files (x86)\Java\jre-1.8;D:\newsdk\flutter\bin\mingit\cmd
USERNAME=murshad
OS=Windows_NT
PROCESSOR_IDENTIFIER=Intel64 Family 6 Model 61 Stepping 4, GenuineIntel
TMP=C:\Users\murshad\AppData\Local\Temp
TEMP=C:\Users\murshad\AppData\Local\Temp



---------------  S Y S T E M  ---------------

OS:
 Windows 10 , 64 bit Build 19041 (10.0.19041.1202)
OS uptime: 9 days 22:37 hours

CPU: total 4 (initial active 4) (2 cores per cpu, 2 threads per core) family 6 model 61 stepping 4 microcode 0x2d, cx8, cmov, fxsr, ht, mmx, 3dnowpref, sse, sse2, sse3, ssse3, sse4.1, sse4.2, popcnt, lzcnt, tsc, tscinvbit, avx, avx2, aes, erms, clmul, bmi1, bmi2, rtm, adx, fma, vzeroupper, clflush

Memory: 4k page, system-wide physical 3792M (187M free)
TotalPageFile size 9973M (AvailPageFile size 9M)
current process WorkingSet (physical memory assigned to process): 64M, peak: 470M
current process commit charge ("private bytes"): 514M, peak: 527M

vm_info: OpenJDK 64-Bit Server VM (17.0.6+0-b2043.56-9586694) for windows-amd64 JRE (17.0.6+0-b2043.56-9586694), built on Feb  9 2023 20:06:20 by "androidbuild" with MS VC++ 16.10 / 16.11 (VS2019)

END.
